[2017-04-10 16:26:56,227] [INFO] basehttp : "GET / HTTP/1.1" 200 1471
[2017-04-10 16:26:56,227] [INFO] basehttp : "GET / HTTP/1.1" 200 1471
[2017-04-10 16:26:56,403] [WARNING] basehttp : "GET /favicon.ico HTTP/1.1" 404 3478
[2017-04-10 16:26:56,403] [WARNING] basehttp : "GET /favicon.ico HTTP/1.1" 404 3478
[2017-04-10 16:27:19,726] [INFO] basehttp : "GET /?username=111 HTTP/1.1" 200 1471
[2017-04-10 16:27:19,726] [INFO] basehttp : "GET /?username=111 HTTP/1.1" 200 1471
[2017-04-10 16:27:29,089] [INFO] basehttp : "POST /login_action/ HTTP/1.1" 302 0
[2017-04-10 16:27:29,089] [INFO] basehttp : "POST /login_action/ HTTP/1.1" 302 0
[2017-04-10 16:27:29,139] [INFO] basehttp : "GET /event_manage/ HTTP/1.1" 200 6491
[2017-04-10 16:27:29,139] [INFO] basehttp : "GET /event_manage/ HTTP/1.1" 200 6491
[2017-07-18 14:34:48,697] [INFO] basehttp : "GET / HTTP/1.1" 200 1471
[2017-07-18 14:34:48,697] [INFO] basehttp : "GET / HTTP/1.1" 200 1471
[2017-07-18 14:34:49,111] [WARNING] basehttp : "GET /favicon.ico HTTP/1.1" 404 3478
[2017-07-18 14:34:49,111] [WARNING] basehttp : "GET /favicon.ico HTTP/1.1" 404 3478
[2017-07-18 14:36:07,156] [ERROR] exception : Internal Server Error: /login_action/
Traceback (most recent call last):
  File "C:\python36\lib\site-packages\django\core\handlers\exception.py", line 39, in inner
    response = get_response(request)
  File "C:\python36\lib\site-packages\django\core\handlers\base.py", line 198, in _get_response
    "returned None instead." % (callback.__module__, view_name)
ValueError: The view sign.views.login_action didn't return an HttpResponse object. It returned None instead.
[2017-07-18 14:36:07,156] [ERROR] exception : Internal Server Error: /login_action/
Traceback (most recent call last):
  File "C:\python36\lib\site-packages\django\core\handlers\exception.py", line 39, in inner
    response = get_response(request)
  File "C:\python36\lib\site-packages\django\core\handlers\base.py", line 198, in _get_response
    "returned None instead." % (callback.__module__, view_name)
ValueError: The view sign.views.login_action didn't return an HttpResponse object. It returned None instead.
[2017-07-18 14:36:07,257] [ERROR] basehttp : "GET /login_action/ HTTP/1.1" 500 57792
[2017-07-18 14:36:07,257] [ERROR] basehttp : "GET /login_action/ HTTP/1.1" 500 57792
[2017-07-18 14:36:13,761] [INFO] basehttp : "GET / HTTP/1.1" 200 1471
[2017-07-18 14:36:13,761] [INFO] basehttp : "GET / HTTP/1.1" 200 1471
[2017-07-18 14:36:20,977] [INFO] basehttp : "POST /login_action/ HTTP/1.1" 200 1498
[2017-07-18 14:36:20,977] [INFO] basehttp : "POST /login_action/ HTTP/1.1" 200 1498
[2017-07-18 14:37:06,661] [INFO] basehttp : "POST /login_action/ HTTP/1.1" 302 0
[2017-07-18 14:37:06,661] [INFO] basehttp : "POST /login_action/ HTTP/1.1" 302 0
[2017-07-18 14:37:06,713] [INFO] basehttp : "GET /event_manage/ HTTP/1.1" 200 3952
[2017-07-18 14:37:06,713] [INFO] basehttp : "GET /event_manage/ HTTP/1.1" 200 3952
[2017-07-18 14:37:11,126] [INFO] basehttp : "GET /guest_manage/ HTTP/1.1" 200 4181
[2017-07-18 14:37:11,126] [INFO] basehttp : "GET /guest_manage/ HTTP/1.1" 200 4181
[2017-07-18 14:37:12,326] [INFO] basehttp : "GET /event_manage/ HTTP/1.1" 200 3952
[2017-07-18 14:37:12,326] [INFO] basehttp : "GET /event_manage/ HTTP/1.1" 200 3952
[2017-07-18 14:37:55,476] [INFO] basehttp : "GET /sign_index/1/ HTTP/1.1" 200 2782
[2017-07-18 14:37:55,476] [INFO] basehttp : "GET /sign_index/1/ HTTP/1.1" 200 2782
[2017-07-18 14:38:05,415] [INFO] basehttp : "GET /logout/ HTTP/1.1" 302 0
[2017-07-18 14:38:05,415] [INFO] basehttp : "GET /logout/ HTTP/1.1" 302 0
[2017-07-18 14:38:05,455] [INFO] basehttp : "GET /index/ HTTP/1.1" 200 1471
[2017-07-18 14:38:05,455] [INFO] basehttp : "GET /index/ HTTP/1.1" 200 1471
[2017-07-18 14:38:13,338] [INFO] basehttp : "POST /login_action/ HTTP/1.1" 302 0
[2017-07-18 14:38:13,338] [INFO] basehttp : "POST /login_action/ HTTP/1.1" 302 0
[2017-07-18 14:38:13,359] [INFO] basehttp : "GET /event_manage/ HTTP/1.1" 200 3952
[2017-07-18 14:38:13,359] [INFO] basehttp : "GET /event_manage/ HTTP/1.1" 200 3952
[2017-07-18 14:52:14,137] [INFO] basehttp : "GET /sign_index2/1/ HTTP/1.1" 200 1531
[2017-07-18 14:52:14,137] [INFO] basehttp : "GET /sign_index2/1/ HTTP/1.1" 200 1531
[2017-07-18 14:52:14,363] [INFO] basehttp : "GET /static/css/draw_results.css HTTP/1.1" 200 10734
[2017-07-18 14:52:14,363] [INFO] basehttp : "GET /static/css/draw_results.css HTTP/1.1" 200 10734
[2017-07-18 14:52:14,412] [INFO] basehttp : "GET /static/js/jquery-1.10.2.min.js HTTP/1.1" 200 93107
[2017-07-18 14:52:14,412] [INFO] basehttp : "GET /static/js/jquery-1.10.2.min.js HTTP/1.1" 200 93107
[2017-07-18 14:52:14,448] [INFO] basehttp : "GET /static/js/conference_sign.js HTTP/1.1" 200 4291
[2017-07-18 14:52:14,448] [INFO] basehttp : "GET /static/js/conference_sign.js HTTP/1.1" 200 4291
[2017-07-18 14:52:14,644] [INFO] basehttp : "GET /static/image/sign/bg-left-center.png HTTP/1.1" 200 1892
[2017-07-18 14:52:14,644] [INFO] basehttp : "GET /static/image/sign/bg-left-center.png HTTP/1.1" 200 1892
[2017-07-18 14:52:14,646] [INFO] basehttp : "GET /static/image/sign/bg-top-center.png HTTP/1.1" 200 2374
[2017-07-18 14:52:14,646] [INFO] basehttp : "GET /static/image/sign/bg-top-center.png HTTP/1.1" 200 2374
[2017-07-18 14:52:14,686] [INFO] basehttp : "GET /static/image/sign/cent.png HTTP/1.1" 200 3433
[2017-07-18 14:52:14,686] [INFO] basehttp : "GET /static/image/sign/cent.png HTTP/1.1" 200 3433
[2017-07-18 14:52:14,697] [INFO] basehttp : "GET /static/image/sign/bg.png HTTP/1.1" 200 87176
[2017-07-18 14:52:14,697] [INFO] basehttp : "GET /static/image/sign/bg.png HTTP/1.1" 200 87176
[2017-07-18 14:52:14,699] [INFO] basehttp : "GET /static/image/sign/bg-right-bottom.png HTTP/1.1" 200 38413
[2017-07-18 14:52:14,699] [INFO] basehttp : "GET /static/image/sign/bg-right-bottom.png HTTP/1.1" 200 38413
[2017-07-18 14:52:14,735] [INFO] basehttp : "GET /static/image/sign/bg-left-bottom.png HTTP/1.1" 200 57959
[2017-07-18 14:52:14,735] [INFO] basehttp : "GET /static/image/sign/bg-left-bottom.png HTTP/1.1" 200 57959
[2017-07-18 14:52:14,758] [INFO] basehttp : "GET /static/image/sign/bg-right-top.png HTTP/1.1" 200 28503
[2017-07-18 14:52:14,758] [INFO] basehttp : "GET /static/image/sign/bg-right-top.png HTTP/1.1" 200 28503
[2017-07-18 14:52:15,755] [INFO] basehttp : "GET /static/image/sign/mx4.ttf HTTP/1.1" 200 8173832
[2017-07-18 14:52:15,755] [INFO] basehttp : "GET /static/image/sign/mx4.ttf HTTP/1.1" 200 8173832
[2017-07-18 14:52:16,026] [INFO] basehttp : "GET /static/image/favicon.ico HTTP/1.1" 200 1029
[2017-07-18 14:52:16,026] [INFO] basehttp : "GET /static/image/favicon.ico HTTP/1.1" 200 1029
[2017-07-18 14:52:25,531] [INFO] basehttp : "POST /api/user_sign/ HTTP/1.1" 200 49
[2017-07-18 14:52:25,531] [INFO] basehttp : "POST /api/user_sign/ HTTP/1.1" 200 49
[2017-07-18 14:52:25,647] [INFO] basehttp : "GET /static/image/sign/error.png HTTP/1.1" 200 2983
[2017-07-18 14:52:25,647] [INFO] basehttp : "GET /static/image/sign/error.png HTTP/1.1" 200 2983
[2017-07-18 14:52:25,653] [INFO] basehttp : "GET /static/image/sign/yes.png HTTP/1.1" 200 3260
[2017-07-18 14:52:25,653] [INFO] basehttp : "GET /static/image/sign/yes.png HTTP/1.1" 200 3260
[2017-07-18 14:52:25,674] [INFO] basehttp : "GET /static/image/sign/erro_text.png HTTP/1.1" 200 18224
[2017-07-18 14:52:25,674] [INFO] basehttp : "GET /static/image/sign/erro_text.png HTTP/1.1" 200 18224
[2017-07-18 14:52:25,770] [INFO] basehttp : "POST /api/user_sign/ HTTP/1.1" 200 49
[2017-07-18 14:52:25,770] [INFO] basehttp : "POST /api/user_sign/ HTTP/1.1" 200 49
[2017-07-18 14:52:27,582] [INFO] basehttp : "GET /sign_index2/1/ HTTP/1.1" 200 1531
[2017-07-18 14:52:27,582] [INFO] basehttp : "GET /sign_index2/1/ HTTP/1.1" 200 1531
[2017-07-18 14:53:04,633] [INFO] basehttp : "GET /sign_index2/1/ HTTP/1.1" 200 1531
[2017-07-18 14:53:04,633] [INFO] basehttp : "GET /sign_index2/1/ HTTP/1.1" 200 1531
[2017-07-18 14:53:10,804] [INFO] basehttp : "GET /sign_index/1/ HTTP/1.1" 200 2782
[2017-07-18 14:53:10,804] [INFO] basehttp : "GET /sign_index/1/ HTTP/1.1" 200 2782
[2017-07-18 15:02:16,364] [INFO] basehttp : "GET /sign_index/1/ HTTP/1.1" 200 2782
[2017-07-18 15:02:16,364] [INFO] basehttp : "GET /sign_index/1/ HTTP/1.1" 200 2782
[2017-07-18 15:02:24,570] [INFO] basehttp : "GET /event_manage/ HTTP/1.1" 200 3952
[2017-07-18 15:02:24,570] [INFO] basehttp : "GET /event_manage/ HTTP/1.1" 200 3952
[2017-07-18 15:10:39,419] [INFO] basehttp : "POST /api/add_event/ HTTP/1.1" 200 47
[2017-07-18 15:10:39,419] [INFO] basehttp : "POST /api/add_event/ HTTP/1.1" 200 47
[2017-07-18 15:12:02,781] [INFO] basehttp : "GET /event_manage/ HTTP/1.1" 200 3952
[2017-07-18 15:12:02,781] [INFO] basehttp : "GET /event_manage/ HTTP/1.1" 200 3952
[2017-07-18 15:12:03,163] [INFO] basehttp : "GET /event_manage/ HTTP/1.1" 200 3952
[2017-07-18 15:12:03,163] [INFO] basehttp : "GET /event_manage/ HTTP/1.1" 200 3952
[2017-07-18 15:12:04,719] [INFO] basehttp : "GET /event_manage/ HTTP/1.1" 200 3952
[2017-07-18 15:12:04,719] [INFO] basehttp : "GET /event_manage/ HTTP/1.1" 200 3952
[2017-07-18 15:12:06,500] [INFO] basehttp : "GET /event_manage/ HTTP/1.1" 200 3952
[2017-07-18 15:12:06,500] [INFO] basehttp : "GET /event_manage/ HTTP/1.1" 200 3952
[2017-07-18 15:12:07,636] [INFO] basehttp : "GET /event_manage/ HTTP/1.1" 200 3952
[2017-07-18 15:12:07,636] [INFO] basehttp : "GET /event_manage/ HTTP/1.1" 200 3952
[2017-07-18 15:12:12,627] [INFO] basehttp : "GET /event_manage/ HTTP/1.1" 200 3952
[2017-07-18 15:12:12,627] [INFO] basehttp : "GET /event_manage/ HTTP/1.1" 200 3952
[2017-07-18 15:12:15,297] [INFO] basehttp : "GET /guest_manage/ HTTP/1.1" 200 4181
[2017-07-18 15:12:15,297] [INFO] basehttp : "GET /guest_manage/ HTTP/1.1" 200 4181
[2017-07-18 15:12:23,339] [INFO] basehttp : "GET /event_manage/ HTTP/1.1" 200 3952
[2017-07-18 15:12:23,339] [INFO] basehttp : "GET /event_manage/ HTTP/1.1" 200 3952
[2017-07-18 15:12:26,068] [INFO] basehttp : "GET /sign_index/1/ HTTP/1.1" 200 2782
[2017-07-18 15:12:26,068] [INFO] basehttp : "GET /sign_index/1/ HTTP/1.1" 200 2782
[2017-07-18 15:12:29,407] [INFO] basehttp : "POST /sign_index_action/1/ HTTP/1.1" 200 2813
[2017-07-18 15:12:29,407] [INFO] basehttp : "POST /sign_index_action/1/ HTTP/1.1" 200 2813
[2017-07-20 15:49:18,599] [INFO] basehttp : "GET / HTTP/1.1" 200 1471
[2017-07-20 15:49:18,599] [INFO] basehttp : "GET / HTTP/1.1" 200 1471
[2017-07-20 15:49:19,105] [WARNING] basehttp : "GET /favicon.ico HTTP/1.1" 404 3478
[2017-07-20 15:49:19,105] [WARNING] basehttp : "GET /favicon.ico HTTP/1.1" 404 3478
[2017-07-20 15:52:14,598] [INFO] basehttp : "GET /index/ HTTP/1.1" 200 1471
[2017-07-20 15:52:14,598] [INFO] basehttp : "GET /index/ HTTP/1.1" 200 1471
[2017-07-20 16:10:25,420] [ERROR] exception : Internal Server Error: /api/add_event
Traceback (most recent call last):
  File "C:\python36\lib\site-packages\django\core\handlers\exception.py", line 39, in inner
    response = get_response(request)
  File "C:\python36\lib\site-packages\django\utils\deprecation.py", line 134, in __call__
    response = self.process_request(request)
  File "C:\python36\lib\site-packages\django\middleware\common.py", line 63, in process_request
    path = self.get_full_path_with_slash(request)
  File "C:\python36\lib\site-packages\django\middleware\common.py", line 101, in get_full_path_with_slash
    'url': request.get_host() + new_path,
RuntimeError: You called this URL via POST, but the URL doesn't end in a slash and you have APPEND_SLASH set. Django can't redirect to the slash URL while maintaining POST data. Change your form to point to 127.0.0.1:8000/api/add_event/ (note the trailing slash), or set APPEND_SLASH=False in your Django settings.
[2017-07-20 16:10:25,420] [ERROR] exception : Internal Server Error: /api/add_event
Traceback (most recent call last):
  File "C:\python36\lib\site-packages\django\core\handlers\exception.py", line 39, in inner
    response = get_response(request)
  File "C:\python36\lib\site-packages\django\utils\deprecation.py", line 134, in __call__
    response = self.process_request(request)
  File "C:\python36\lib\site-packages\django\middleware\common.py", line 63, in process_request
    path = self.get_full_path_with_slash(request)
  File "C:\python36\lib\site-packages\django\middleware\common.py", line 101, in get_full_path_with_slash
    'url': request.get_host() + new_path,
RuntimeError: You called this URL via POST, but the URL doesn't end in a slash and you have APPEND_SLASH set. Django can't redirect to the slash URL while maintaining POST data. Change your form to point to 127.0.0.1:8000/api/add_event/ (note the trailing slash), or set APPEND_SLASH=False in your Django settings.
[2017-07-20 16:10:25,608] [ERROR] basehttp : "POST /api/add_event HTTP/1.1" 500 64617
[2017-07-20 16:10:25,608] [ERROR] basehttp : "POST /api/add_event HTTP/1.1" 500 64617
[2017-07-20 16:11:29,245] [INFO] basehttp : "GET /api/add_event HTTP/1.1" 301 0
[2017-07-20 16:11:29,245] [INFO] basehttp : "GET /api/add_event HTTP/1.1" 301 0
[2017-07-20 16:11:29,564] [INFO] basehttp : "GET /api/add_event/ HTTP/1.1" 200 47
[2017-07-20 16:11:29,564] [INFO] basehttp : "GET /api/add_event/ HTTP/1.1" 200 47
[2017-07-20 16:13:09,226] [ERROR] exception : Internal Server Error: /api/add_event
Traceback (most recent call last):
  File "C:\python36\lib\site-packages\django\core\handlers\exception.py", line 39, in inner
    response = get_response(request)
  File "C:\python36\lib\site-packages\django\utils\deprecation.py", line 134, in __call__
    response = self.process_request(request)
  File "C:\python36\lib\site-packages\django\middleware\common.py", line 63, in process_request
    path = self.get_full_path_with_slash(request)
  File "C:\python36\lib\site-packages\django\middleware\common.py", line 101, in get_full_path_with_slash
    'url': request.get_host() + new_path,
RuntimeError: You called this URL via POST, but the URL doesn't end in a slash and you have APPEND_SLASH set. Django can't redirect to the slash URL while maintaining POST data. Change your form to point to 127.0.0.1:8000/api/add_event/ (note the trailing slash), or set APPEND_SLASH=False in your Django settings.
[2017-07-20 16:13:09,226] [ERROR] exception : Internal Server Error: /api/add_event
Traceback (most recent call last):
  File "C:\python36\lib\site-packages\django\core\handlers\exception.py", line 39, in inner
    response = get_response(request)
  File "C:\python36\lib\site-packages\django\utils\deprecation.py", line 134, in __call__
    response = self.process_request(request)
  File "C:\python36\lib\site-packages\django\middleware\common.py", line 63, in process_request
    path = self.get_full_path_with_slash(request)
  File "C:\python36\lib\site-packages\django\middleware\common.py", line 101, in get_full_path_with_slash
    'url': request.get_host() + new_path,
RuntimeError: You called this URL via POST, but the URL doesn't end in a slash and you have APPEND_SLASH set. Django can't redirect to the slash URL while maintaining POST data. Change your form to point to 127.0.0.1:8000/api/add_event/ (note the trailing slash), or set APPEND_SLASH=False in your Django settings.
[2017-07-20 16:13:09,272] [ERROR] basehttp : "POST /api/add_event HTTP/1.1" 500 64617
[2017-07-20 16:13:09,272] [ERROR] basehttp : "POST /api/add_event HTTP/1.1" 500 64617
[2017-07-20 16:14:22,711] [ERROR] exception : Internal Server Error: /api/add_event
Traceback (most recent call last):
  File "C:\python36\lib\site-packages\django\core\handlers\exception.py", line 39, in inner
    response = get_response(request)
  File "C:\python36\lib\site-packages\django\utils\deprecation.py", line 134, in __call__
    response = self.process_request(request)
  File "C:\python36\lib\site-packages\django\middleware\common.py", line 63, in process_request
    path = self.get_full_path_with_slash(request)
  File "C:\python36\lib\site-packages\django\middleware\common.py", line 101, in get_full_path_with_slash
    'url': request.get_host() + new_path,
RuntimeError: You called this URL via POST, but the URL doesn't end in a slash and you have APPEND_SLASH set. Django can't redirect to the slash URL while maintaining POST data. Change your form to point to 127.0.0.1:8000/api/add_event/ (note the trailing slash), or set APPEND_SLASH=False in your Django settings.
[2017-07-20 16:14:22,711] [ERROR] exception : Internal Server Error: /api/add_event
Traceback (most recent call last):
  File "C:\python36\lib\site-packages\django\core\handlers\exception.py", line 39, in inner
    response = get_response(request)
  File "C:\python36\lib\site-packages\django\utils\deprecation.py", line 134, in __call__
    response = self.process_request(request)
  File "C:\python36\lib\site-packages\django\middleware\common.py", line 63, in process_request
    path = self.get_full_path_with_slash(request)
  File "C:\python36\lib\site-packages\django\middleware\common.py", line 101, in get_full_path_with_slash
    'url': request.get_host() + new_path,
RuntimeError: You called this URL via POST, but the URL doesn't end in a slash and you have APPEND_SLASH set. Django can't redirect to the slash URL while maintaining POST data. Change your form to point to 127.0.0.1:8000/api/add_event/ (note the trailing slash), or set APPEND_SLASH=False in your Django settings.
[2017-07-20 16:14:22,754] [ERROR] basehttp : "POST /api/add_event HTTP/1.1" 500 64617
[2017-07-20 16:14:22,754] [ERROR] basehttp : "POST /api/add_event HTTP/1.1" 500 64617
[2017-07-20 16:23:49,673] [ERROR] exception : Internal Server Error: /api/add_event
Traceback (most recent call last):
  File "C:\python36\lib\site-packages\django\core\handlers\exception.py", line 39, in inner
    response = get_response(request)
  File "C:\python36\lib\site-packages\django\utils\deprecation.py", line 134, in __call__
    response = self.process_request(request)
  File "C:\python36\lib\site-packages\django\middleware\common.py", line 63, in process_request
    path = self.get_full_path_with_slash(request)
  File "C:\python36\lib\site-packages\django\middleware\common.py", line 101, in get_full_path_with_slash
    'url': request.get_host() + new_path,
RuntimeError: You called this URL via POST, but the URL doesn't end in a slash and you have APPEND_SLASH set. Django can't redirect to the slash URL while maintaining POST data. Change your form to point to 127.0.0.1:8000/api/add_event/ (note the trailing slash), or set APPEND_SLASH=False in your Django settings.
[2017-07-20 16:23:49,673] [ERROR] exception : Internal Server Error: /api/add_event
Traceback (most recent call last):
  File "C:\python36\lib\site-packages\django\core\handlers\exception.py", line 39, in inner
    response = get_response(request)
  File "C:\python36\lib\site-packages\django\utils\deprecation.py", line 134, in __call__
    response = self.process_request(request)
  File "C:\python36\lib\site-packages\django\middleware\common.py", line 63, in process_request
    path = self.get_full_path_with_slash(request)
  File "C:\python36\lib\site-packages\django\middleware\common.py", line 101, in get_full_path_with_slash
    'url': request.get_host() + new_path,
RuntimeError: You called this URL via POST, but the URL doesn't end in a slash and you have APPEND_SLASH set. Django can't redirect to the slash URL while maintaining POST data. Change your form to point to 127.0.0.1:8000/api/add_event/ (note the trailing slash), or set APPEND_SLASH=False in your Django settings.
[2017-07-20 16:23:49,718] [ERROR] basehttp : "POST /api/add_event HTTP/1.1" 500 64617
[2017-07-20 16:23:49,718] [ERROR] basehttp : "POST /api/add_event HTTP/1.1" 500 64617
[2017-07-20 16:23:49,728] [ERROR] exception : Internal Server Error: /api/add_event
Traceback (most recent call last):
  File "C:\python36\lib\site-packages\django\core\handlers\exception.py", line 39, in inner
    response = get_response(request)
  File "C:\python36\lib\site-packages\django\utils\deprecation.py", line 134, in __call__
    response = self.process_request(request)
  File "C:\python36\lib\site-packages\django\middleware\common.py", line 63, in process_request
    path = self.get_full_path_with_slash(request)
  File "C:\python36\lib\site-packages\django\middleware\common.py", line 101, in get_full_path_with_slash
    'url': request.get_host() + new_path,
RuntimeError: You called this URL via POST, but the URL doesn't end in a slash and you have APPEND_SLASH set. Django can't redirect to the slash URL while maintaining POST data. Change your form to point to 127.0.0.1:8000/api/add_event/ (note the trailing slash), or set APPEND_SLASH=False in your Django settings.
[2017-07-20 16:23:49,728] [ERROR] exception : Internal Server Error: /api/add_event
Traceback (most recent call last):
  File "C:\python36\lib\site-packages\django\core\handlers\exception.py", line 39, in inner
    response = get_response(request)
  File "C:\python36\lib\site-packages\django\utils\deprecation.py", line 134, in __call__
    response = self.process_request(request)
  File "C:\python36\lib\site-packages\django\middleware\common.py", line 63, in process_request
    path = self.get_full_path_with_slash(request)
  File "C:\python36\lib\site-packages\django\middleware\common.py", line 101, in get_full_path_with_slash
    'url': request.get_host() + new_path,
RuntimeError: You called this URL via POST, but the URL doesn't end in a slash and you have APPEND_SLASH set. Django can't redirect to the slash URL while maintaining POST data. Change your form to point to 127.0.0.1:8000/api/add_event/ (note the trailing slash), or set APPEND_SLASH=False in your Django settings.
[2017-07-20 16:23:49,776] [ERROR] basehttp : "POST /api/add_event HTTP/1.1" 500 64656
[2017-07-20 16:23:49,776] [ERROR] basehttp : "POST /api/add_event HTTP/1.1" 500 64656
[2017-07-20 16:24:45,216] [ERROR] exception : Internal Server Error: /api/add_event
Traceback (most recent call last):
  File "C:\python36\lib\site-packages\django\core\handlers\exception.py", line 39, in inner
    response = get_response(request)
  File "C:\python36\lib\site-packages\django\utils\deprecation.py", line 134, in __call__
    response = self.process_request(request)
  File "C:\python36\lib\site-packages\django\middleware\common.py", line 63, in process_request
    path = self.get_full_path_with_slash(request)
  File "C:\python36\lib\site-packages\django\middleware\common.py", line 101, in get_full_path_with_slash
    'url': request.get_host() + new_path,
RuntimeError: You called this URL via POST, but the URL doesn't end in a slash and you have APPEND_SLASH set. Django can't redirect to the slash URL while maintaining POST data. Change your form to point to 127.0.0.1:8000/api/add_event/ (note the trailing slash), or set APPEND_SLASH=False in your Django settings.
[2017-07-20 16:24:45,216] [ERROR] exception : Internal Server Error: /api/add_event
Traceback (most recent call last):
  File "C:\python36\lib\site-packages\django\core\handlers\exception.py", line 39, in inner
    response = get_response(request)
  File "C:\python36\lib\site-packages\django\utils\deprecation.py", line 134, in __call__
    response = self.process_request(request)
  File "C:\python36\lib\site-packages\django\middleware\common.py", line 63, in process_request
    path = self.get_full_path_with_slash(request)
  File "C:\python36\lib\site-packages\django\middleware\common.py", line 101, in get_full_path_with_slash
    'url': request.get_host() + new_path,
RuntimeError: You called this URL via POST, but the URL doesn't end in a slash and you have APPEND_SLASH set. Django can't redirect to the slash URL while maintaining POST data. Change your form to point to 127.0.0.1:8000/api/add_event/ (note the trailing slash), or set APPEND_SLASH=False in your Django settings.
[2017-07-20 16:24:45,261] [ERROR] basehttp : "POST /api/add_event HTTP/1.1" 500 64617
[2017-07-20 16:24:45,261] [ERROR] basehttp : "POST /api/add_event HTTP/1.1" 500 64617
[2017-07-20 16:26:36,481] [INFO] basehttp : "GET /api/add_event/ HTTP/1.1" 200 47
[2017-07-20 16:26:36,481] [INFO] basehttp : "GET /api/add_event/ HTTP/1.1" 200 47
[2017-07-20 16:26:55,305] [INFO] basehttp : "GET /api/add_event/ HTTP/1.1" 200 47
[2017-07-20 16:26:55,305] [INFO] basehttp : "GET /api/add_event/ HTTP/1.1" 200 47
[2017-07-20 16:31:11,342] [ERROR] exception : Internal Server Error: /api/add_event
Traceback (most recent call last):
  File "C:\python36\lib\site-packages\django\core\handlers\exception.py", line 39, in inner
    response = get_response(request)
  File "C:\python36\lib\site-packages\django\utils\deprecation.py", line 134, in __call__
    response = self.process_request(request)
  File "C:\python36\lib\site-packages\django\middleware\common.py", line 63, in process_request
    path = self.get_full_path_with_slash(request)
  File "C:\python36\lib\site-packages\django\middleware\common.py", line 101, in get_full_path_with_slash
    'url': request.get_host() + new_path,
RuntimeError: You called this URL via POST, but the URL doesn't end in a slash and you have APPEND_SLASH set. Django can't redirect to the slash URL while maintaining POST data. Change your form to point to 127.0.0.1:8000/api/add_event/ (note the trailing slash), or set APPEND_SLASH=False in your Django settings.
[2017-07-20 16:31:11,342] [ERROR] exception : Internal Server Error: /api/add_event
Traceback (most recent call last):
  File "C:\python36\lib\site-packages\django\core\handlers\exception.py", line 39, in inner
    response = get_response(request)
  File "C:\python36\lib\site-packages\django\utils\deprecation.py", line 134, in __call__
    response = self.process_request(request)
  File "C:\python36\lib\site-packages\django\middleware\common.py", line 63, in process_request
    path = self.get_full_path_with_slash(request)
  File "C:\python36\lib\site-packages\django\middleware\common.py", line 101, in get_full_path_with_slash
    'url': request.get_host() + new_path,
RuntimeError: You called this URL via POST, but the URL doesn't end in a slash and you have APPEND_SLASH set. Django can't redirect to the slash URL while maintaining POST data. Change your form to point to 127.0.0.1:8000/api/add_event/ (note the trailing slash), or set APPEND_SLASH=False in your Django settings.
[2017-07-20 16:31:11,383] [ERROR] basehttp : "POST /api/add_event HTTP/1.1" 500 64617
[2017-07-20 16:31:11,383] [ERROR] basehttp : "POST /api/add_event HTTP/1.1" 500 64617
[2017-07-20 16:31:11,396] [ERROR] exception : Internal Server Error: /api/add_event
Traceback (most recent call last):
  File "C:\python36\lib\site-packages\django\core\handlers\exception.py", line 39, in inner
    response = get_response(request)
  File "C:\python36\lib\site-packages\django\utils\deprecation.py", line 134, in __call__
    response = self.process_request(request)
  File "C:\python36\lib\site-packages\django\middleware\common.py", line 63, in process_request
    path = self.get_full_path_with_slash(request)
  File "C:\python36\lib\site-packages\django\middleware\common.py", line 101, in get_full_path_with_slash
    'url': request.get_host() + new_path,
RuntimeError: You called this URL via POST, but the URL doesn't end in a slash and you have APPEND_SLASH set. Django can't redirect to the slash URL while maintaining POST data. Change your form to point to 127.0.0.1:8000/api/add_event/ (note the trailing slash), or set APPEND_SLASH=False in your Django settings.
[2017-07-20 16:31:11,396] [ERROR] exception : Internal Server Error: /api/add_event
Traceback (most recent call last):
  File "C:\python36\lib\site-packages\django\core\handlers\exception.py", line 39, in inner
    response = get_response(request)
  File "C:\python36\lib\site-packages\django\utils\deprecation.py", line 134, in __call__
    response = self.process_request(request)
  File "C:\python36\lib\site-packages\django\middleware\common.py", line 63, in process_request
    path = self.get_full_path_with_slash(request)
  File "C:\python36\lib\site-packages\django\middleware\common.py", line 101, in get_full_path_with_slash
    'url': request.get_host() + new_path,
RuntimeError: You called this URL via POST, but the URL doesn't end in a slash and you have APPEND_SLASH set. Django can't redirect to the slash URL while maintaining POST data. Change your form to point to 127.0.0.1:8000/api/add_event/ (note the trailing slash), or set APPEND_SLASH=False in your Django settings.
[2017-07-20 16:31:11,443] [ERROR] basehttp : "POST /api/add_event HTTP/1.1" 500 64656
[2017-07-20 16:31:11,443] [ERROR] basehttp : "POST /api/add_event HTTP/1.1" 500 64656
[2017-07-20 16:33:39,353] [ERROR] exception : Internal Server Error: /api/add_event
Traceback (most recent call last):
  File "C:\python36\lib\site-packages\django\core\handlers\exception.py", line 39, in inner
    response = get_response(request)
  File "C:\python36\lib\site-packages\django\utils\deprecation.py", line 134, in __call__
    response = self.process_request(request)
  File "C:\python36\lib\site-packages\django\middleware\common.py", line 63, in process_request
    path = self.get_full_path_with_slash(request)
  File "C:\python36\lib\site-packages\django\middleware\common.py", line 101, in get_full_path_with_slash
    'url': request.get_host() + new_path,
RuntimeError: You called this URL via POST, but the URL doesn't end in a slash and you have APPEND_SLASH set. Django can't redirect to the slash URL while maintaining POST data. Change your form to point to 127.0.0.1:8000/api/add_event/ (note the trailing slash), or set APPEND_SLASH=False in your Django settings.
[2017-07-20 16:33:39,353] [ERROR] exception : Internal Server Error: /api/add_event
Traceback (most recent call last):
  File "C:\python36\lib\site-packages\django\core\handlers\exception.py", line 39, in inner
    response = get_response(request)
  File "C:\python36\lib\site-packages\django\utils\deprecation.py", line 134, in __call__
    response = self.process_request(request)
  File "C:\python36\lib\site-packages\django\middleware\common.py", line 63, in process_request
    path = self.get_full_path_with_slash(request)
  File "C:\python36\lib\site-packages\django\middleware\common.py", line 101, in get_full_path_with_slash
    'url': request.get_host() + new_path,
RuntimeError: You called this URL via POST, but the URL doesn't end in a slash and you have APPEND_SLASH set. Django can't redirect to the slash URL while maintaining POST data. Change your form to point to 127.0.0.1:8000/api/add_event/ (note the trailing slash), or set APPEND_SLASH=False in your Django settings.
[2017-07-20 16:33:39,393] [ERROR] basehttp : "POST /api/add_event HTTP/1.1" 500 64617
[2017-07-20 16:33:39,393] [ERROR] basehttp : "POST /api/add_event HTTP/1.1" 500 64617
[2017-07-20 16:33:55,466] [ERROR] exception : Internal Server Error: /api/add_event
Traceback (most recent call last):
  File "C:\python36\lib\site-packages\django\core\handlers\exception.py", line 39, in inner
    response = get_response(request)
  File "C:\python36\lib\site-packages\django\utils\deprecation.py", line 134, in __call__
    response = self.process_request(request)
  File "C:\python36\lib\site-packages\django\middleware\common.py", line 63, in process_request
    path = self.get_full_path_with_slash(request)
  File "C:\python36\lib\site-packages\django\middleware\common.py", line 101, in get_full_path_with_slash
    'url': request.get_host() + new_path,
RuntimeError: You called this URL via POST, but the URL doesn't end in a slash and you have APPEND_SLASH set. Django can't redirect to the slash URL while maintaining POST data. Change your form to point to 127.0.0.1:8000/api/add_event/ (note the trailing slash), or set APPEND_SLASH=False in your Django settings.
[2017-07-20 16:33:55,466] [ERROR] exception : Internal Server Error: /api/add_event
Traceback (most recent call last):
  File "C:\python36\lib\site-packages\django\core\handlers\exception.py", line 39, in inner
    response = get_response(request)
  File "C:\python36\lib\site-packages\django\utils\deprecation.py", line 134, in __call__
    response = self.process_request(request)
  File "C:\python36\lib\site-packages\django\middleware\common.py", line 63, in process_request
    path = self.get_full_path_with_slash(request)
  File "C:\python36\lib\site-packages\django\middleware\common.py", line 101, in get_full_path_with_slash
    'url': request.get_host() + new_path,
RuntimeError: You called this URL via POST, but the URL doesn't end in a slash and you have APPEND_SLASH set. Django can't redirect to the slash URL while maintaining POST data. Change your form to point to 127.0.0.1:8000/api/add_event/ (note the trailing slash), or set APPEND_SLASH=False in your Django settings.
[2017-07-20 16:33:55,507] [ERROR] basehttp : "POST /api/add_event HTTP/1.1" 500 64617
[2017-07-20 16:33:55,507] [ERROR] basehttp : "POST /api/add_event HTTP/1.1" 500 64617
[2017-07-20 16:33:55,517] [ERROR] exception : Internal Server Error: /api/add_event
Traceback (most recent call last):
  File "C:\python36\lib\site-packages\django\core\handlers\exception.py", line 39, in inner
    response = get_response(request)
  File "C:\python36\lib\site-packages\django\utils\deprecation.py", line 134, in __call__
    response = self.process_request(request)
  File "C:\python36\lib\site-packages\django\middleware\common.py", line 63, in process_request
    path = self.get_full_path_with_slash(request)
  File "C:\python36\lib\site-packages\django\middleware\common.py", line 101, in get_full_path_with_slash
    'url': request.get_host() + new_path,
RuntimeError: You called this URL via POST, but the URL doesn't end in a slash and you have APPEND_SLASH set. Django can't redirect to the slash URL while maintaining POST data. Change your form to point to 127.0.0.1:8000/api/add_event/ (note the trailing slash), or set APPEND_SLASH=False in your Django settings.
[2017-07-20 16:33:55,517] [ERROR] exception : Internal Server Error: /api/add_event
Traceback (most recent call last):
  File "C:\python36\lib\site-packages\django\core\handlers\exception.py", line 39, in inner
    response = get_response(request)
  File "C:\python36\lib\site-packages\django\utils\deprecation.py", line 134, in __call__
    response = self.process_request(request)
  File "C:\python36\lib\site-packages\django\middleware\common.py", line 63, in process_request
    path = self.get_full_path_with_slash(request)
  File "C:\python36\lib\site-packages\django\middleware\common.py", line 101, in get_full_path_with_slash
    'url': request.get_host() + new_path,
RuntimeError: You called this URL via POST, but the URL doesn't end in a slash and you have APPEND_SLASH set. Django can't redirect to the slash URL while maintaining POST data. Change your form to point to 127.0.0.1:8000/api/add_event/ (note the trailing slash), or set APPEND_SLASH=False in your Django settings.
[2017-07-20 16:33:55,565] [ERROR] basehttp : "POST /api/add_event HTTP/1.1" 500 64656
[2017-07-20 16:33:55,565] [ERROR] basehttp : "POST /api/add_event HTTP/1.1" 500 64656
[2017-07-20 16:53:55,067] [INFO] basehttp : "POST /api/add_event/ HTTP/1.1" 200 47
[2017-07-20 16:53:55,067] [INFO] basehttp : "POST /api/add_event/ HTTP/1.1" 200 47
[2017-07-20 16:54:41,324] [INFO] basehttp : "POST /api/add_event/ HTTP/1.1" 200 47
[2017-07-20 16:54:41,324] [INFO] basehttp : "POST /api/add_event/ HTTP/1.1" 200 47
[2017-07-20 17:02:45,959] [INFO] basehttp : "POST /api/add_event/ HTTP/1.1" 200 47
[2017-07-20 17:02:45,959] [INFO] basehttp : "POST /api/add_event/ HTTP/1.1" 200 47
[2017-07-20 17:02:46,874] [INFO] basehttp : "POST /api/add_event/ HTTP/1.1" 200 55
[2017-07-20 17:02:46,874] [INFO] basehttp : "POST /api/add_event/ HTTP/1.1" 200 55
[2017-07-20 17:03:10,137] [INFO] basehttp : "POST /api/add_event/ HTTP/1.1" 200 47
[2017-07-20 17:03:10,137] [INFO] basehttp : "POST /api/add_event/ HTTP/1.1" 200 47
[2017-07-20 17:03:10,170] [INFO] basehttp : "POST /api/add_event/ HTTP/1.1" 200 55
[2017-07-20 17:03:10,170] [INFO] basehttp : "POST /api/add_event/ HTTP/1.1" 200 55
[2017-07-20 17:06:36,815] [INFO] basehttp : "POST /api/add_event/ HTTP/1.1" 200 47
[2017-07-20 17:06:36,815] [INFO] basehttp : "POST /api/add_event/ HTTP/1.1" 200 47
[2017-07-20 17:06:36,839] [INFO] basehttp : "POST /api/add_event/ HTTP/1.1" 200 55
[2017-07-20 17:06:36,839] [INFO] basehttp : "POST /api/add_event/ HTTP/1.1" 200 55
[2017-07-20 17:08:13,259] [INFO] basehttp : "POST /api/add_event/ HTTP/1.1" 200 47
[2017-07-20 17:08:13,259] [INFO] basehttp : "POST /api/add_event/ HTTP/1.1" 200 47
[2017-07-20 17:08:13,279] [INFO] basehttp : "POST /api/add_event/ HTTP/1.1" 200 55
[2017-07-20 17:08:13,279] [INFO] basehttp : "POST /api/add_event/ HTTP/1.1" 200 55
[2017-07-20 17:08:15,245] [INFO] basehttp : "POST /api/add_event/ HTTP/1.1" 200 47
[2017-07-20 17:08:15,245] [INFO] basehttp : "POST /api/add_event/ HTTP/1.1" 200 47
[2017-07-20 17:08:15,281] [INFO] basehttp : "POST /api/add_event/ HTTP/1.1" 200 55
[2017-07-20 17:08:15,281] [INFO] basehttp : "POST /api/add_event/ HTTP/1.1" 200 55
[2017-07-20 17:08:17,425] [INFO] basehttp : "POST /api/add_event/ HTTP/1.1" 200 47
[2017-07-20 17:08:17,425] [INFO] basehttp : "POST /api/add_event/ HTTP/1.1" 200 47
[2017-07-20 17:08:17,450] [INFO] basehttp : "POST /api/add_event/ HTTP/1.1" 200 55
[2017-07-20 17:08:17,450] [INFO] basehttp : "POST /api/add_event/ HTTP/1.1" 200 55
[2017-07-20 17:08:19,529] [INFO] basehttp : "POST /api/add_event/ HTTP/1.1" 200 47
[2017-07-20 17:08:19,529] [INFO] basehttp : "POST /api/add_event/ HTTP/1.1" 200 47
[2017-07-20 17:08:19,565] [INFO] basehttp : "POST /api/add_event/ HTTP/1.1" 200 55
[2017-07-20 17:08:19,565] [INFO] basehttp : "POST /api/add_event/ HTTP/1.1" 200 55
[2017-07-20 17:08:22,712] [INFO] basehttp : "POST /api/add_event/ HTTP/1.1" 200 47
[2017-07-20 17:08:22,712] [INFO] basehttp : "POST /api/add_event/ HTTP/1.1" 200 47
[2017-07-20 17:08:22,747] [INFO] basehttp : "POST /api/add_event/ HTTP/1.1" 200 55
[2017-07-20 17:08:22,747] [INFO] basehttp : "POST /api/add_event/ HTTP/1.1" 200 55
[2017-07-20 17:09:37,019] [INFO] basehttp : "POST /api/add_event/ HTTP/1.1" 200 47
[2017-07-20 17:09:37,019] [INFO] basehttp : "POST /api/add_event/ HTTP/1.1" 200 47
[2017-07-20 17:09:37,044] [INFO] basehttp : "POST /api/add_event/ HTTP/1.1" 200 55
[2017-07-20 17:09:37,044] [INFO] basehttp : "POST /api/add_event/ HTTP/1.1" 200 55
[2017-07-20 17:10:10,517] [INFO] basehttp : "POST /api/add_event/ HTTP/1.1" 200 47
[2017-07-20 17:10:10,517] [INFO] basehttp : "POST /api/add_event/ HTTP/1.1" 200 47
[2017-07-20 17:10:10,542] [INFO] basehttp : "POST /api/add_event/ HTTP/1.1" 200 55
[2017-07-20 17:10:10,542] [INFO] basehttp : "POST /api/add_event/ HTTP/1.1" 200 55
[2017-07-20 17:10:12,836] [INFO] basehttp : "POST /api/add_event/ HTTP/1.1" 200 47
[2017-07-20 17:10:12,836] [INFO] basehttp : "POST /api/add_event/ HTTP/1.1" 200 47
[2017-07-20 17:10:12,874] [INFO] basehttp : "POST /api/add_event/ HTTP/1.1" 200 55
[2017-07-20 17:10:12,874] [INFO] basehttp : "POST /api/add_event/ HTTP/1.1" 200 55
[2017-07-20 17:10:15,138] [INFO] basehttp : "POST /api/add_event/ HTTP/1.1" 200 47
[2017-07-20 17:10:15,138] [INFO] basehttp : "POST /api/add_event/ HTTP/1.1" 200 47
[2017-07-20 17:10:15,153] [INFO] basehttp : "POST /api/add_event/ HTTP/1.1" 200 55
[2017-07-20 17:10:15,153] [INFO] basehttp : "POST /api/add_event/ HTTP/1.1" 200 55
[2017-07-20 17:10:17,056] [INFO] basehttp : "POST /api/add_event/ HTTP/1.1" 200 47
[2017-07-20 17:10:17,056] [INFO] basehttp : "POST /api/add_event/ HTTP/1.1" 200 47
[2017-07-20 17:10:17,088] [INFO] basehttp : "POST /api/add_event/ HTTP/1.1" 200 55
[2017-07-20 17:10:17,088] [INFO] basehttp : "POST /api/add_event/ HTTP/1.1" 200 55
[2017-07-20 17:10:19,152] [INFO] basehttp : "POST /api/add_event/ HTTP/1.1" 200 47
[2017-07-20 17:10:19,152] [INFO] basehttp : "POST /api/add_event/ HTTP/1.1" 200 47
[2017-07-20 17:10:19,175] [INFO] basehttp : "POST /api/add_event/ HTTP/1.1" 200 55
[2017-07-20 17:10:19,175] [INFO] basehttp : "POST /api/add_event/ HTTP/1.1" 200 55
[2017-07-20 17:10:21,695] [INFO] basehttp : "POST /api/add_event/ HTTP/1.1" 200 47
[2017-07-20 17:10:21,695] [INFO] basehttp : "POST /api/add_event/ HTTP/1.1" 200 47
[2017-07-20 17:10:21,714] [INFO] basehttp : "POST /api/add_event/ HTTP/1.1" 200 55
[2017-07-20 17:10:21,714] [INFO] basehttp : "POST /api/add_event/ HTTP/1.1" 200 55
[2017-07-20 17:10:23,979] [INFO] basehttp : "POST /api/add_event/ HTTP/1.1" 200 47
[2017-07-20 17:10:23,979] [INFO] basehttp : "POST /api/add_event/ HTTP/1.1" 200 47
[2017-07-20 17:10:23,996] [INFO] basehttp : "POST /api/add_event/ HTTP/1.1" 200 55
[2017-07-20 17:10:23,996] [INFO] basehttp : "POST /api/add_event/ HTTP/1.1" 200 55
[2017-07-20 17:10:26,047] [INFO] basehttp : "POST /api/add_event/ HTTP/1.1" 200 47
[2017-07-20 17:10:26,047] [INFO] basehttp : "POST /api/add_event/ HTTP/1.1" 200 47
[2017-07-20 17:10:26,071] [INFO] basehttp : "POST /api/add_event/ HTTP/1.1" 200 55
[2017-07-20 17:10:26,071] [INFO] basehttp : "POST /api/add_event/ HTTP/1.1" 200 55
[2017-07-20 17:10:28,541] [INFO] basehttp : "POST /api/add_event/ HTTP/1.1" 200 47
[2017-07-20 17:10:28,541] [INFO] basehttp : "POST /api/add_event/ HTTP/1.1" 200 47
[2017-07-20 17:10:28,560] [INFO] basehttp : "POST /api/add_event/ HTTP/1.1" 200 55
[2017-07-20 17:10:28,560] [INFO] basehttp : "POST /api/add_event/ HTTP/1.1" 200 55
[2017-07-20 17:10:30,813] [INFO] basehttp : "POST /api/add_event/ HTTP/1.1" 200 47
[2017-07-20 17:10:30,813] [INFO] basehttp : "POST /api/add_event/ HTTP/1.1" 200 47
[2017-07-20 17:10:30,840] [INFO] basehttp : "POST /api/add_event/ HTTP/1.1" 200 55
[2017-07-20 17:10:30,840] [INFO] basehttp : "POST /api/add_event/ HTTP/1.1" 200 55
[2017-07-20 17:10:35,068] [INFO] basehttp : "POST /api/add_event/ HTTP/1.1" 200 47
[2017-07-20 17:10:35,068] [INFO] basehttp : "POST /api/add_event/ HTTP/1.1" 200 47
[2017-07-20 17:10:35,107] [INFO] basehttp : "POST /api/add_event/ HTTP/1.1" 200 55
[2017-07-20 17:10:35,107] [INFO] basehttp : "POST /api/add_event/ HTTP/1.1" 200 55
[2017-07-20 17:11:43,022] [INFO] basehttp : "POST /api/add_event/ HTTP/1.1" 200 47
[2017-07-20 17:11:43,022] [INFO] basehttp : "POST /api/add_event/ HTTP/1.1" 200 47
[2017-07-20 17:11:43,035] [INFO] basehttp : "POST /api/add_event/ HTTP/1.1" 200 55
[2017-07-20 17:11:43,035] [INFO] basehttp : "POST /api/add_event/ HTTP/1.1" 200 55
[2017-07-20 17:16:39,408] [ERROR] exception : Internal Server Error: /api/add_event
Traceback (most recent call last):
  File "C:\python36\lib\site-packages\django\core\handlers\exception.py", line 39, in inner
    response = get_response(request)
  File "C:\python36\lib\site-packages\django\utils\deprecation.py", line 134, in __call__
    response = self.process_request(request)
  File "C:\python36\lib\site-packages\django\middleware\common.py", line 63, in process_request
    path = self.get_full_path_with_slash(request)
  File "C:\python36\lib\site-packages\django\middleware\common.py", line 101, in get_full_path_with_slash
    'url': request.get_host() + new_path,
RuntimeError: You called this URL via POST, but the URL doesn't end in a slash and you have APPEND_SLASH set. Django can't redirect to the slash URL while maintaining POST data. Change your form to point to 127.0.0.1:8000/api/add_event/ (note the trailing slash), or set APPEND_SLASH=False in your Django settings.
[2017-07-20 17:16:39,408] [ERROR] exception : Internal Server Error: /api/add_event
Traceback (most recent call last):
  File "C:\python36\lib\site-packages\django\core\handlers\exception.py", line 39, in inner
    response = get_response(request)
  File "C:\python36\lib\site-packages\django\utils\deprecation.py", line 134, in __call__
    response = self.process_request(request)
  File "C:\python36\lib\site-packages\django\middleware\common.py", line 63, in process_request
    path = self.get_full_path_with_slash(request)
  File "C:\python36\lib\site-packages\django\middleware\common.py", line 101, in get_full_path_with_slash
    'url': request.get_host() + new_path,
RuntimeError: You called this URL via POST, but the URL doesn't end in a slash and you have APPEND_SLASH set. Django can't redirect to the slash URL while maintaining POST data. Change your form to point to 127.0.0.1:8000/api/add_event/ (note the trailing slash), or set APPEND_SLASH=False in your Django settings.
[2017-07-20 17:16:40,117] [ERROR] basehttp : "POST /api/add_event HTTP/1.1" 500 64617
[2017-07-20 17:16:40,117] [ERROR] basehttp : "POST /api/add_event HTTP/1.1" 500 64617
[2017-07-20 17:16:40,161] [ERROR] exception : Internal Server Error: /api/add_event
Traceback (most recent call last):
  File "C:\python36\lib\site-packages\django\core\handlers\exception.py", line 39, in inner
    response = get_response(request)
  File "C:\python36\lib\site-packages\django\utils\deprecation.py", line 134, in __call__
    response = self.process_request(request)
  File "C:\python36\lib\site-packages\django\middleware\common.py", line 63, in process_request
    path = self.get_full_path_with_slash(request)
  File "C:\python36\lib\site-packages\django\middleware\common.py", line 101, in get_full_path_with_slash
    'url': request.get_host() + new_path,
RuntimeError: You called this URL via POST, but the URL doesn't end in a slash and you have APPEND_SLASH set. Django can't redirect to the slash URL while maintaining POST data. Change your form to point to 127.0.0.1:8000/api/add_event/ (note the trailing slash), or set APPEND_SLASH=False in your Django settings.
[2017-07-20 17:16:40,161] [ERROR] exception : Internal Server Error: /api/add_event
Traceback (most recent call last):
  File "C:\python36\lib\site-packages\django\core\handlers\exception.py", line 39, in inner
    response = get_response(request)
  File "C:\python36\lib\site-packages\django\utils\deprecation.py", line 134, in __call__
    response = self.process_request(request)
  File "C:\python36\lib\site-packages\django\middleware\common.py", line 63, in process_request
    path = self.get_full_path_with_slash(request)
  File "C:\python36\lib\site-packages\django\middleware\common.py", line 101, in get_full_path_with_slash
    'url': request.get_host() + new_path,
RuntimeError: You called this URL via POST, but the URL doesn't end in a slash and you have APPEND_SLASH set. Django can't redirect to the slash URL while maintaining POST data. Change your form to point to 127.0.0.1:8000/api/add_event/ (note the trailing slash), or set APPEND_SLASH=False in your Django settings.
[2017-07-20 17:16:40,224] [ERROR] basehttp : "POST /api/add_event HTTP/1.1" 500 64656
[2017-07-20 17:16:40,224] [ERROR] basehttp : "POST /api/add_event HTTP/1.1" 500 64656
[2017-07-20 17:16:50,331] [INFO] basehttp : "POST /api/add_event/ HTTP/1.1" 200 47
[2017-07-20 17:16:50,331] [INFO] basehttp : "POST /api/add_event/ HTTP/1.1" 200 47
[2017-07-20 17:16:50,347] [INFO] basehttp : "POST /api/add_event/ HTTP/1.1" 200 55
[2017-07-20 17:16:50,347] [INFO] basehttp : "POST /api/add_event/ HTTP/1.1" 200 55
[2017-07-20 17:18:31,548] [INFO] basehttp : "POST /api/add_event/ HTTP/1.1" 200 55
[2017-07-20 17:18:31,548] [INFO] basehttp : "POST /api/add_event/ HTTP/1.1" 200 55
[2017-07-20 17:19:06,231] [INFO] basehttp : "POST /api/add_event/ HTTP/1.1" 200 55
[2017-07-20 17:19:06,231] [INFO] basehttp : "POST /api/add_event/ HTTP/1.1" 200 55
[2017-07-20 17:19:39,845] [INFO] basehttp : "POST /api/add_event/ HTTP/1.1" 200 47
[2017-07-20 17:19:39,845] [INFO] basehttp : "POST /api/add_event/ HTTP/1.1" 200 47
[2017-07-20 17:19:39,860] [INFO] basehttp : "POST /api/add_event/ HTTP/1.1" 200 55
[2017-07-20 17:19:39,860] [INFO] basehttp : "POST /api/add_event/ HTTP/1.1" 200 55
[2017-07-20 17:19:46,111] [INFO] basehttp : "POST /api/add_event/ HTTP/1.1" 200 55
[2017-07-20 17:19:46,111] [INFO] basehttp : "POST /api/add_event/ HTTP/1.1" 200 55
[2017-07-20 17:19:56,547] [INFO] basehttp : "POST /api/add_event/ HTTP/1.1" 200 55
[2017-07-20 17:19:56,547] [INFO] basehttp : "POST /api/add_event/ HTTP/1.1" 200 55
[2017-07-20 17:20:28,452] [INFO] basehttp : "POST /api/add_event/ HTTP/1.1" 200 47
[2017-07-20 17:20:28,452] [INFO] basehttp : "POST /api/add_event/ HTTP/1.1" 200 47
[2017-07-20 17:20:41,333] [INFO] basehttp : "POST /api/add_event/ HTTP/1.1" 200 47
[2017-07-20 17:20:41,333] [INFO] basehttp : "POST /api/add_event/ HTTP/1.1" 200 47
[2017-07-20 17:20:41,352] [INFO] basehttp : "POST /api/add_event/ HTTP/1.1" 200 55
[2017-07-20 17:20:41,352] [INFO] basehttp : "POST /api/add_event/ HTTP/1.1" 200 55
[2017-07-20 17:20:51,407] [INFO] basehttp : "POST /api/add_event/ HTTP/1.1" 200 55
[2017-07-20 17:20:51,407] [INFO] basehttp : "POST /api/add_event/ HTTP/1.1" 200 55
[2017-07-20 17:21:31,398] [INFO] basehttp : "POST /api/add_event/ HTTP/1.1" 200 55
[2017-07-20 17:21:31,398] [INFO] basehttp : "POST /api/add_event/ HTTP/1.1" 200 55
[2017-07-20 17:28:41,032] [INFO] basehttp : "POST /api/add_event/ HTTP/1.1" 200 47
[2017-07-20 17:28:41,032] [INFO] basehttp : "POST /api/add_event/ HTTP/1.1" 200 47
[2017-07-20 17:28:41,057] [INFO] basehttp : "POST /api/add_event/ HTTP/1.1" 200 55
[2017-07-20 17:28:41,057] [INFO] basehttp : "POST /api/add_event/ HTTP/1.1" 200 55
[2017-07-20 18:16:26,213] [INFO] basehttp : "POST /api/add_event/ HTTP/1.1" 200 47
[2017-07-20 18:16:26,213] [INFO] basehttp : "POST /api/add_event/ HTTP/1.1" 200 47
[2017-07-20 18:16:27,939] [INFO] basehttp : "POST /api/add_event/ HTTP/1.1" 200 55
[2017-07-20 18:16:27,939] [INFO] basehttp : "POST /api/add_event/ HTTP/1.1" 200 55
[2017-07-20 18:17:08,407] [INFO] basehttp : "POST /api/add_event/ HTTP/1.1" 200 47
[2017-07-20 18:17:08,407] [INFO] basehttp : "POST /api/add_event/ HTTP/1.1" 200 47
[2017-07-20 18:17:08,464] [INFO] basehttp : "POST /api/add_event/ HTTP/1.1" 200 55
[2017-07-20 18:17:08,464] [INFO] basehttp : "POST /api/add_event/ HTTP/1.1" 200 55
[2017-07-20 18:17:11,324] [INFO] basehttp : "POST /api/add_event/ HTTP/1.1" 200 47
[2017-07-20 18:17:11,324] [INFO] basehttp : "POST /api/add_event/ HTTP/1.1" 200 47
[2017-07-20 18:17:11,353] [INFO] basehttp : "POST /api/add_event/ HTTP/1.1" 200 55
[2017-07-20 18:17:11,353] [INFO] basehttp : "POST /api/add_event/ HTTP/1.1" 200 55
[2017-07-20 18:17:29,631] [INFO] basehttp : "POST /api/add_event/ HTTP/1.1" 200 55
[2017-07-20 18:17:29,631] [INFO] basehttp : "POST /api/add_event/ HTTP/1.1" 200 55
[2017-07-20 18:18:03,720] [INFO] basehttp : "POST /api/add_event/ HTTP/1.1" 200 98
[2017-07-20 18:18:03,720] [INFO] basehttp : "POST /api/add_event/ HTTP/1.1" 200 98
[2017-07-20 18:18:59,667] [INFO] basehttp : "POST /api/add_event/ HTTP/1.1" 200 98
[2017-07-20 18:18:59,667] [INFO] basehttp : "POST /api/add_event/ HTTP/1.1" 200 98
[2017-07-20 18:19:54,395] [INFO] basehttp : "POST /api/add_event/ HTTP/1.1" 200 47
[2017-07-20 18:19:54,395] [INFO] basehttp : "POST /api/add_event/ HTTP/1.1" 200 47
[2017-07-20 18:20:13,084] [INFO] basehttp : "POST /api/add_event/ HTTP/1.1" 200 47
[2017-07-20 18:20:13,084] [INFO] basehttp : "POST /api/add_event/ HTTP/1.1" 200 47
[2017-07-20 18:20:13,137] [INFO] basehttp : "POST /api/add_event/ HTTP/1.1" 200 98
[2017-07-20 18:20:13,137] [INFO] basehttp : "POST /api/add_event/ HTTP/1.1" 200 98
[2017-07-20 18:20:13,172] [INFO] basehttp : "POST /api/add_event/ HTTP/1.1" 200 55
[2017-07-20 18:20:13,172] [INFO] basehttp : "POST /api/add_event/ HTTP/1.1" 200 55
[2017-07-20 18:20:13,211] [INFO] basehttp : "POST /api/add_event/ HTTP/1.1" 200 57
[2017-07-20 18:20:13,211] [INFO] basehttp : "POST /api/add_event/ HTTP/1.1" 200 57
[2017-07-20 18:20:13,237] [INFO] basehttp : "POST /api/add_event/ HTTP/1.1" 200 98
[2017-07-20 18:20:13,237] [INFO] basehttp : "POST /api/add_event/ HTTP/1.1" 200 98
[2017-07-20 18:20:50,860] [INFO] basehttp : "POST /api/add_event/ HTTP/1.1" 200 47
[2017-07-20 18:20:50,860] [INFO] basehttp : "POST /api/add_event/ HTTP/1.1" 200 47
[2017-07-20 18:20:50,938] [INFO] basehttp : "POST /api/add_event/ HTTP/1.1" 200 98
[2017-07-20 18:20:50,938] [INFO] basehttp : "POST /api/add_event/ HTTP/1.1" 200 98
[2017-07-20 18:20:50,985] [INFO] basehttp : "POST /api/add_event/ HTTP/1.1" 200 55
[2017-07-20 18:20:50,985] [INFO] basehttp : "POST /api/add_event/ HTTP/1.1" 200 55
[2017-07-20 18:20:51,019] [INFO] basehttp : "POST /api/add_event/ HTTP/1.1" 200 57
[2017-07-20 18:20:51,019] [INFO] basehttp : "POST /api/add_event/ HTTP/1.1" 200 57
[2017-07-20 18:20:51,370] [INFO] basehttp : "POST /api/add_event/ HTTP/1.1" 200 47
[2017-07-20 18:20:51,370] [INFO] basehttp : "POST /api/add_event/ HTTP/1.1" 200 47
[2017-07-20 18:21:13,281] [INFO] basehttp : "POST /api/add_event/ HTTP/1.1" 200 47
[2017-07-20 18:21:13,281] [INFO] basehttp : "POST /api/add_event/ HTTP/1.1" 200 47
[2017-07-20 18:21:15,491] [INFO] basehttp : "POST /api/add_event/ HTTP/1.1" 200 47
[2017-07-20 18:21:15,491] [INFO] basehttp : "POST /api/add_event/ HTTP/1.1" 200 47
[2017-07-20 18:21:19,509] [INFO] basehttp : "POST /api/add_event/ HTTP/1.1" 200 47
[2017-07-20 18:21:19,509] [INFO] basehttp : "POST /api/add_event/ HTTP/1.1" 200 47
[2017-07-20 18:21:23,347] [INFO] basehttp : "POST /api/add_event/ HTTP/1.1" 200 47
[2017-07-20 18:21:23,347] [INFO] basehttp : "POST /api/add_event/ HTTP/1.1" 200 47
[2017-07-20 18:21:23,435] [INFO] basehttp : "POST /api/add_event/ HTTP/1.1" 200 57
[2017-07-20 18:21:23,435] [INFO] basehttp : "POST /api/add_event/ HTTP/1.1" 200 57
[2017-07-20 18:21:23,482] [INFO] basehttp : "POST /api/add_event/ HTTP/1.1" 200 55
[2017-07-20 18:21:23,482] [INFO] basehttp : "POST /api/add_event/ HTTP/1.1" 200 55
[2017-07-20 18:21:23,526] [INFO] basehttp : "POST /api/add_event/ HTTP/1.1" 200 57
[2017-07-20 18:21:23,526] [INFO] basehttp : "POST /api/add_event/ HTTP/1.1" 200 57
[2017-07-20 18:21:23,560] [INFO] basehttp : "POST /api/add_event/ HTTP/1.1" 200 55
[2017-07-20 18:21:23,560] [INFO] basehttp : "POST /api/add_event/ HTTP/1.1" 200 55
[2017-07-20 18:22:10,133] [INFO] basehttp : "POST /api/add_event/ HTTP/1.1" 200 47
[2017-07-20 18:22:10,133] [INFO] basehttp : "POST /api/add_event/ HTTP/1.1" 200 47
[2017-07-20 18:22:10,208] [INFO] basehttp : "POST /api/add_event/ HTTP/1.1" 200 57
[2017-07-20 18:22:10,208] [INFO] basehttp : "POST /api/add_event/ HTTP/1.1" 200 57
[2017-07-20 18:22:10,285] [INFO] basehttp : "POST /api/add_event/ HTTP/1.1" 200 55
[2017-07-20 18:22:10,285] [INFO] basehttp : "POST /api/add_event/ HTTP/1.1" 200 55
[2017-07-20 18:22:10,319] [INFO] basehttp : "POST /api/add_event/ HTTP/1.1" 200 57
[2017-07-20 18:22:10,319] [INFO] basehttp : "POST /api/add_event/ HTTP/1.1" 200 57
[2017-07-20 18:22:10,345] [INFO] basehttp : "POST /api/add_event/ HTTP/1.1" 200 55
[2017-07-20 18:22:10,345] [INFO] basehttp : "POST /api/add_event/ HTTP/1.1" 200 55
[2017-07-20 18:22:31,840] [INFO] basehttp : "POST /api/add_event/ HTTP/1.1" 200 47
[2017-07-20 18:22:31,840] [INFO] basehttp : "POST /api/add_event/ HTTP/1.1" 200 47
[2017-07-20 18:22:31,904] [INFO] basehttp : "POST /api/add_event/ HTTP/1.1" 200 98
[2017-07-20 18:22:31,904] [INFO] basehttp : "POST /api/add_event/ HTTP/1.1" 200 98
[2017-07-20 18:22:31,935] [INFO] basehttp : "POST /api/add_event/ HTTP/1.1" 200 55
[2017-07-20 18:22:31,935] [INFO] basehttp : "POST /api/add_event/ HTTP/1.1" 200 55
[2017-07-20 18:22:31,965] [INFO] basehttp : "POST /api/add_event/ HTTP/1.1" 200 57
[2017-07-20 18:22:31,965] [INFO] basehttp : "POST /api/add_event/ HTTP/1.1" 200 57
[2017-07-20 18:22:32,030] [INFO] basehttp : "POST /api/add_event/ HTTP/1.1" 200 47
[2017-07-20 18:22:32,030] [INFO] basehttp : "POST /api/add_event/ HTTP/1.1" 200 47
[2017-07-20 18:27:33,545] [INFO] basehttp : "POST /api/add_event/ HTTP/1.1" 200 47
[2017-07-20 18:27:33,545] [INFO] basehttp : "POST /api/add_event/ HTTP/1.1" 200 47
[2017-07-20 18:27:53,649] [INFO] basehttp : "POST /api/add_event/ HTTP/1.1" 200 47
[2017-07-20 18:27:53,649] [INFO] basehttp : "POST /api/add_event/ HTTP/1.1" 200 47
[2017-07-20 18:27:53,703] [INFO] basehttp : "POST /api/add_event/ HTTP/1.1" 200 57
[2017-07-20 18:27:53,703] [INFO] basehttp : "POST /api/add_event/ HTTP/1.1" 200 57
[2017-07-20 18:27:53,734] [INFO] basehttp : "POST /api/add_event/ HTTP/1.1" 200 55
[2017-07-20 18:27:53,734] [INFO] basehttp : "POST /api/add_event/ HTTP/1.1" 200 55
[2017-07-20 18:27:53,798] [INFO] basehttp : "POST /api/add_event/ HTTP/1.1" 200 57
[2017-07-20 18:27:53,798] [INFO] basehttp : "POST /api/add_event/ HTTP/1.1" 200 57
[2017-07-20 18:27:53,831] [INFO] basehttp : "POST /api/add_event/ HTTP/1.1" 200 55
[2017-07-20 18:27:53,831] [INFO] basehttp : "POST /api/add_event/ HTTP/1.1" 200 55
[2017-07-21 09:49:55,314] [INFO] basehttp : "POST /api/add_event/ HTTP/1.1" 200 47
[2017-07-21 09:49:55,314] [INFO] basehttp : "POST /api/add_event/ HTTP/1.1" 200 47
[2017-07-21 09:49:55,578] [INFO] basehttp : "POST /api/add_event/ HTTP/1.1" 200 98
[2017-07-21 09:49:55,578] [INFO] basehttp : "POST /api/add_event/ HTTP/1.1" 200 98
[2017-07-21 09:49:55,610] [INFO] basehttp : "POST /api/add_event/ HTTP/1.1" 200 55
[2017-07-21 09:49:55,610] [INFO] basehttp : "POST /api/add_event/ HTTP/1.1" 200 55
[2017-07-21 09:49:55,628] [INFO] basehttp : "POST /api/add_event/ HTTP/1.1" 200 57
[2017-07-21 09:49:55,628] [INFO] basehttp : "POST /api/add_event/ HTTP/1.1" 200 57
[2017-07-21 09:49:55,876] [INFO] basehttp : "POST /api/add_event/ HTTP/1.1" 200 47
[2017-07-21 09:49:55,876] [INFO] basehttp : "POST /api/add_event/ HTTP/1.1" 200 47
[2017-07-21 09:59:36,162] [INFO] basehttp : "POST /api/add_event/ HTTP/1.1" 200 47
[2017-07-21 09:59:36,162] [INFO] basehttp : "POST /api/add_event/ HTTP/1.1" 200 47
[2017-07-21 09:59:36,191] [INFO] basehttp : "POST /api/add_event/ HTTP/1.1" 200 98
[2017-07-21 09:59:36,191] [INFO] basehttp : "POST /api/add_event/ HTTP/1.1" 200 98
[2017-07-21 09:59:36,238] [INFO] basehttp : "POST /api/add_event/ HTTP/1.1" 200 55
[2017-07-21 09:59:36,238] [INFO] basehttp : "POST /api/add_event/ HTTP/1.1" 200 55
[2017-07-21 09:59:36,276] [INFO] basehttp : "POST /api/add_event/ HTTP/1.1" 200 57
[2017-07-21 09:59:36,276] [INFO] basehttp : "POST /api/add_event/ HTTP/1.1" 200 57
[2017-07-21 09:59:36,356] [INFO] basehttp : "POST /api/add_event/ HTTP/1.1" 200 47
[2017-07-21 09:59:36,356] [INFO] basehttp : "POST /api/add_event/ HTTP/1.1" 200 47
[2017-07-21 10:10:34,502] [INFO] basehttp : "POST /api/add_event/ HTTP/1.1" 200 47
[2017-07-21 10:10:34,502] [INFO] basehttp : "POST /api/add_event/ HTTP/1.1" 200 47
[2017-07-21 10:10:34,703] [INFO] basehttp : "POST /api/add_event/ HTTP/1.1" 200 98
[2017-07-21 10:10:34,703] [INFO] basehttp : "POST /api/add_event/ HTTP/1.1" 200 98
[2017-07-21 10:10:34,744] [INFO] basehttp : "POST /api/add_event/ HTTP/1.1" 200 55
[2017-07-21 10:10:34,744] [INFO] basehttp : "POST /api/add_event/ HTTP/1.1" 200 55
[2017-07-21 10:10:34,783] [INFO] basehttp : "POST /api/add_event/ HTTP/1.1" 200 57
[2017-07-21 10:10:34,783] [INFO] basehttp : "POST /api/add_event/ HTTP/1.1" 200 57
[2017-07-21 10:10:35,388] [INFO] basehttp : "POST /api/add_event/ HTTP/1.1" 200 47
[2017-07-21 10:10:35,388] [INFO] basehttp : "POST /api/add_event/ HTTP/1.1" 200 47
[2017-07-21 10:52:25,916] [INFO] basehttp : "POST /api/add_event/ HTTP/1.1" 200 47
[2017-07-21 10:52:25,916] [INFO] basehttp : "POST /api/add_event/ HTTP/1.1" 200 47
[2017-07-21 10:52:25,940] [INFO] basehttp : "POST /api/add_event/ HTTP/1.1" 200 98
[2017-07-21 10:52:25,940] [INFO] basehttp : "POST /api/add_event/ HTTP/1.1" 200 98
[2017-07-21 10:52:26,277] [INFO] basehttp : "POST /api/add_event/ HTTP/1.1" 200 55
[2017-07-21 10:52:26,277] [INFO] basehttp : "POST /api/add_event/ HTTP/1.1" 200 55
[2017-07-21 10:52:26,307] [INFO] basehttp : "POST /api/add_event/ HTTP/1.1" 200 57
[2017-07-21 10:52:26,307] [INFO] basehttp : "POST /api/add_event/ HTTP/1.1" 200 57
[2017-07-21 10:52:26,385] [INFO] basehttp : "POST /api/add_event/ HTTP/1.1" 200 47
[2017-07-21 10:52:26,385] [INFO] basehttp : "POST /api/add_event/ HTTP/1.1" 200 47
[2017-07-21 10:53:12,085] [INFO] basehttp : "POST /api/add_event/ HTTP/1.1" 200 47
[2017-07-21 10:53:12,085] [INFO] basehttp : "POST /api/add_event/ HTTP/1.1" 200 47
[2017-07-21 10:53:12,130] [INFO] basehttp : "POST /api/add_event/ HTTP/1.1" 200 98
[2017-07-21 10:53:12,130] [INFO] basehttp : "POST /api/add_event/ HTTP/1.1" 200 98
[2017-07-21 10:53:12,153] [INFO] basehttp : "POST /api/add_event/ HTTP/1.1" 200 55
[2017-07-21 10:53:12,153] [INFO] basehttp : "POST /api/add_event/ HTTP/1.1" 200 55
[2017-07-21 10:53:12,181] [INFO] basehttp : "POST /api/add_event/ HTTP/1.1" 200 57
[2017-07-21 10:53:12,181] [INFO] basehttp : "POST /api/add_event/ HTTP/1.1" 200 57
[2017-07-21 10:53:12,283] [INFO] basehttp : "POST /api/add_event/ HTTP/1.1" 200 47
[2017-07-21 10:53:12,283] [INFO] basehttp : "POST /api/add_event/ HTTP/1.1" 200 47
[2017-07-21 10:56:21,848] [INFO] basehttp : "POST /api/add_event/ HTTP/1.1" 200 47
[2017-07-21 10:56:21,848] [INFO] basehttp : "POST /api/add_event/ HTTP/1.1" 200 47
[2017-07-21 10:56:23,363] [INFO] basehttp : "POST /api/add_event/ HTTP/1.1" 200 98
[2017-07-21 10:56:23,363] [INFO] basehttp : "POST /api/add_event/ HTTP/1.1" 200 98
[2017-07-21 10:56:23,385] [INFO] basehttp : "POST /api/add_event/ HTTP/1.1" 200 55
[2017-07-21 10:56:23,385] [INFO] basehttp : "POST /api/add_event/ HTTP/1.1" 200 55
[2017-07-21 10:56:23,421] [INFO] basehttp : "POST /api/add_event/ HTTP/1.1" 200 57
[2017-07-21 10:56:23,421] [INFO] basehttp : "POST /api/add_event/ HTTP/1.1" 200 57
[2017-07-21 10:56:23,649] [INFO] basehttp : "POST /api/add_event/ HTTP/1.1" 200 47
[2017-07-21 10:56:23,649] [INFO] basehttp : "POST /api/add_event/ HTTP/1.1" 200 47
[2017-07-21 11:01:05,636] [INFO] basehttp : "POST /api/add_event/ HTTP/1.1" 200 47
[2017-07-21 11:01:05,636] [INFO] basehttp : "POST /api/add_event/ HTTP/1.1" 200 47
[2017-07-21 11:01:05,678] [INFO] basehttp : "POST /api/add_event/ HTTP/1.1" 200 98
[2017-07-21 11:01:05,678] [INFO] basehttp : "POST /api/add_event/ HTTP/1.1" 200 98
[2017-07-21 11:01:05,733] [INFO] basehttp : "POST /api/add_event/ HTTP/1.1" 200 55
[2017-07-21 11:01:05,733] [INFO] basehttp : "POST /api/add_event/ HTTP/1.1" 200 55
[2017-07-21 11:01:05,774] [INFO] basehttp : "POST /api/add_event/ HTTP/1.1" 200 57
[2017-07-21 11:01:05,774] [INFO] basehttp : "POST /api/add_event/ HTTP/1.1" 200 57
[2017-07-21 11:01:05,847] [INFO] basehttp : "POST /api/add_event/ HTTP/1.1" 200 47
[2017-07-21 11:01:05,847] [INFO] basehttp : "POST /api/add_event/ HTTP/1.1" 200 47
[2017-07-21 11:16:34,792] [INFO] basehttp : "POST /api/add_event/ HTTP/1.1" 200 47
[2017-07-21 11:16:34,792] [INFO] basehttp : "POST /api/add_event/ HTTP/1.1" 200 47
[2017-07-21 11:16:34,829] [INFO] basehttp : "POST /api/add_event/ HTTP/1.1" 200 98
[2017-07-21 11:16:34,829] [INFO] basehttp : "POST /api/add_event/ HTTP/1.1" 200 98
[2017-07-21 11:16:34,856] [INFO] basehttp : "POST /api/add_event/ HTTP/1.1" 200 55
[2017-07-21 11:16:34,856] [INFO] basehttp : "POST /api/add_event/ HTTP/1.1" 200 55
[2017-07-21 11:16:34,881] [INFO] basehttp : "POST /api/add_event/ HTTP/1.1" 200 57
[2017-07-21 11:16:34,881] [INFO] basehttp : "POST /api/add_event/ HTTP/1.1" 200 57
[2017-07-21 11:16:34,986] [INFO] basehttp : "POST /api/add_event/ HTTP/1.1" 200 47
[2017-07-21 11:16:34,986] [INFO] basehttp : "POST /api/add_event/ HTTP/1.1" 200 47
[2017-07-21 15:41:17,748] [INFO] basehttp : "POST /api/add_event/ HTTP/1.1" 200 47
[2017-07-21 15:41:17,748] [INFO] basehttp : "POST /api/add_event/ HTTP/1.1" 200 47
[2017-07-21 15:41:19,189] [INFO] basehttp : "POST /api/add_event/ HTTP/1.1" 200 98
[2017-07-21 15:41:19,189] [INFO] basehttp : "POST /api/add_event/ HTTP/1.1" 200 98
[2017-07-21 15:41:19,243] [INFO] basehttp : "POST /api/add_event/ HTTP/1.1" 200 55
[2017-07-21 15:41:19,243] [INFO] basehttp : "POST /api/add_event/ HTTP/1.1" 200 55
[2017-07-21 15:41:19,276] [INFO] basehttp : "POST /api/add_event/ HTTP/1.1" 200 57
[2017-07-21 15:41:19,276] [INFO] basehttp : "POST /api/add_event/ HTTP/1.1" 200 57
[2017-07-21 15:41:19,819] [INFO] basehttp : "POST /api/add_event/ HTTP/1.1" 200 47
[2017-07-21 15:41:19,819] [INFO] basehttp : "POST /api/add_event/ HTTP/1.1" 200 47
[2017-07-21 15:41:56,032] [INFO] basehttp : "POST /api/add_event/ HTTP/1.1" 200 47
[2017-07-21 15:41:56,032] [INFO] basehttp : "POST /api/add_event/ HTTP/1.1" 200 47
[2017-07-21 15:41:56,087] [INFO] basehttp : "POST /api/add_event/ HTTP/1.1" 200 98
[2017-07-21 15:41:56,087] [INFO] basehttp : "POST /api/add_event/ HTTP/1.1" 200 98
[2017-07-21 15:41:56,109] [INFO] basehttp : "POST /api/add_event/ HTTP/1.1" 200 55
[2017-07-21 15:41:56,109] [INFO] basehttp : "POST /api/add_event/ HTTP/1.1" 200 55
[2017-07-21 15:41:56,135] [INFO] basehttp : "POST /api/add_event/ HTTP/1.1" 200 57
[2017-07-21 15:41:56,135] [INFO] basehttp : "POST /api/add_event/ HTTP/1.1" 200 57
[2017-07-21 15:41:56,206] [INFO] basehttp : "POST /api/add_event/ HTTP/1.1" 200 47
[2017-07-21 15:41:56,206] [INFO] basehttp : "POST /api/add_event/ HTTP/1.1" 200 47
[2017-07-21 15:44:46,390] [INFO] basehttp : "POST /api/add_event/ HTTP/1.1" 200 47
[2017-07-21 15:44:46,390] [INFO] basehttp : "POST /api/add_event/ HTTP/1.1" 200 47
[2017-07-21 15:44:46,447] [INFO] basehttp : "POST /api/add_event/ HTTP/1.1" 200 98
[2017-07-21 15:44:46,447] [INFO] basehttp : "POST /api/add_event/ HTTP/1.1" 200 98
[2017-07-21 15:44:46,480] [INFO] basehttp : "POST /api/add_event/ HTTP/1.1" 200 55
[2017-07-21 15:44:46,480] [INFO] basehttp : "POST /api/add_event/ HTTP/1.1" 200 55
[2017-07-21 15:44:46,511] [INFO] basehttp : "POST /api/add_event/ HTTP/1.1" 200 57
[2017-07-21 15:44:46,511] [INFO] basehttp : "POST /api/add_event/ HTTP/1.1" 200 57
[2017-07-21 15:44:46,568] [INFO] basehttp : "POST /api/add_event/ HTTP/1.1" 200 47
[2017-07-21 15:44:46,568] [INFO] basehttp : "POST /api/add_event/ HTTP/1.1" 200 47
[2017-07-21 15:47:08,706] [INFO] basehttp : "POST /api/add_event/ HTTP/1.1" 200 47
[2017-07-21 15:47:08,706] [INFO] basehttp : "POST /api/add_event/ HTTP/1.1" 200 47
[2017-07-21 15:47:08,749] [INFO] basehttp : "POST /api/add_event/ HTTP/1.1" 200 98
[2017-07-21 15:47:08,749] [INFO] basehttp : "POST /api/add_event/ HTTP/1.1" 200 98
[2017-07-21 15:47:08,778] [INFO] basehttp : "POST /api/add_event/ HTTP/1.1" 200 55
[2017-07-21 15:47:08,778] [INFO] basehttp : "POST /api/add_event/ HTTP/1.1" 200 55
[2017-07-21 15:47:08,815] [INFO] basehttp : "POST /api/add_event/ HTTP/1.1" 200 57
[2017-07-21 15:47:08,815] [INFO] basehttp : "POST /api/add_event/ HTTP/1.1" 200 57
[2017-07-21 15:47:08,879] [INFO] basehttp : "POST /api/add_event/ HTTP/1.1" 200 47
[2017-07-21 15:47:08,879] [INFO] basehttp : "POST /api/add_event/ HTTP/1.1" 200 47
[2017-07-21 15:54:01,698] [INFO] basehttp : "POST /api/add_event/ HTTP/1.1" 200 47
[2017-07-21 15:54:01,698] [INFO] basehttp : "POST /api/add_event/ HTTP/1.1" 200 47
[2017-07-21 15:54:01,720] [INFO] basehttp : "POST /api/add_event/ HTTP/1.1" 200 98
[2017-07-21 15:54:01,720] [INFO] basehttp : "POST /api/add_event/ HTTP/1.1" 200 98
[2017-07-21 15:54:02,006] [INFO] basehttp : "POST /api/add_event/ HTTP/1.1" 200 55
[2017-07-21 15:54:02,006] [INFO] basehttp : "POST /api/add_event/ HTTP/1.1" 200 55
[2017-07-21 15:54:02,035] [INFO] basehttp : "POST /api/add_event/ HTTP/1.1" 200 57
[2017-07-21 15:54:02,035] [INFO] basehttp : "POST /api/add_event/ HTTP/1.1" 200 57
[2017-07-21 15:54:02,901] [INFO] basehttp : "POST /api/add_event/ HTTP/1.1" 200 47
[2017-07-21 15:54:02,901] [INFO] basehttp : "POST /api/add_event/ HTTP/1.1" 200 47
[2017-07-21 16:12:18,810] [INFO] basehttp : "POST /api/add_event/ HTTP/1.1" 200 47
[2017-07-21 16:12:18,810] [INFO] basehttp : "POST /api/add_event/ HTTP/1.1" 200 47
[2017-07-21 16:12:18,866] [INFO] basehttp : "POST /api/add_event/ HTTP/1.1" 200 98
[2017-07-21 16:12:18,866] [INFO] basehttp : "POST /api/add_event/ HTTP/1.1" 200 98
[2017-07-21 16:12:18,887] [INFO] basehttp : "POST /api/add_event/ HTTP/1.1" 200 55
[2017-07-21 16:12:18,887] [INFO] basehttp : "POST /api/add_event/ HTTP/1.1" 200 55
[2017-07-21 16:12:18,916] [INFO] basehttp : "POST /api/add_event/ HTTP/1.1" 200 57
[2017-07-21 16:12:18,916] [INFO] basehttp : "POST /api/add_event/ HTTP/1.1" 200 57
[2017-07-21 16:12:19,019] [INFO] basehttp : "POST /api/add_event/ HTTP/1.1" 200 47
[2017-07-21 16:12:19,019] [INFO] basehttp : "POST /api/add_event/ HTTP/1.1" 200 47
[2017-07-21 16:13:50,594] [INFO] basehttp : "POST /api/add_event/ HTTP/1.1" 200 47
[2017-07-21 16:13:50,594] [INFO] basehttp : "POST /api/add_event/ HTTP/1.1" 200 47
[2017-07-21 16:13:50,644] [INFO] basehttp : "POST /api/add_event/ HTTP/1.1" 200 98
[2017-07-21 16:13:50,644] [INFO] basehttp : "POST /api/add_event/ HTTP/1.1" 200 98
[2017-07-21 16:13:50,698] [INFO] basehttp : "POST /api/add_event/ HTTP/1.1" 200 55
[2017-07-21 16:13:50,698] [INFO] basehttp : "POST /api/add_event/ HTTP/1.1" 200 55
[2017-07-21 16:13:50,731] [INFO] basehttp : "POST /api/add_event/ HTTP/1.1" 200 57
[2017-07-21 16:13:50,731] [INFO] basehttp : "POST /api/add_event/ HTTP/1.1" 200 57
[2017-07-21 16:13:50,794] [INFO] basehttp : "POST /api/add_event/ HTTP/1.1" 200 47
[2017-07-21 16:13:50,794] [INFO] basehttp : "POST /api/add_event/ HTTP/1.1" 200 47
[2017-07-21 16:14:31,013] [INFO] basehttp : "POST /api/add_event/ HTTP/1.1" 200 47
[2017-07-21 16:14:31,013] [INFO] basehttp : "POST /api/add_event/ HTTP/1.1" 200 47
[2017-07-21 16:14:31,195] [INFO] basehttp : "POST /api/add_event/ HTTP/1.1" 200 98
[2017-07-21 16:14:31,195] [INFO] basehttp : "POST /api/add_event/ HTTP/1.1" 200 98
[2017-07-21 16:14:32,491] [INFO] basehttp : "POST /api/add_event/ HTTP/1.1" 200 55
[2017-07-21 16:14:32,491] [INFO] basehttp : "POST /api/add_event/ HTTP/1.1" 200 55
[2017-07-21 16:14:32,931] [INFO] basehttp : "POST /api/add_event/ HTTP/1.1" 200 57
[2017-07-21 16:14:32,931] [INFO] basehttp : "POST /api/add_event/ HTTP/1.1" 200 57
[2017-07-21 16:14:33,501] [INFO] basehttp : "POST /api/add_event/ HTTP/1.1" 200 47
[2017-07-21 16:14:33,501] [INFO] basehttp : "POST /api/add_event/ HTTP/1.1" 200 47
[2017-07-21 16:17:37,797] [INFO] basehttp : "POST /api/add_event/ HTTP/1.1" 200 47
[2017-07-21 16:17:37,797] [INFO] basehttp : "POST /api/add_event/ HTTP/1.1" 200 47
[2017-07-21 16:17:37,880] [INFO] basehttp : "POST /api/add_event/ HTTP/1.1" 200 98
[2017-07-21 16:17:37,880] [INFO] basehttp : "POST /api/add_event/ HTTP/1.1" 200 98
[2017-07-21 16:17:37,930] [INFO] basehttp : "POST /api/add_event/ HTTP/1.1" 200 55
[2017-07-21 16:17:37,930] [INFO] basehttp : "POST /api/add_event/ HTTP/1.1" 200 55
[2017-07-21 16:17:37,965] [INFO] basehttp : "POST /api/add_event/ HTTP/1.1" 200 57
[2017-07-21 16:17:37,965] [INFO] basehttp : "POST /api/add_event/ HTTP/1.1" 200 57
[2017-07-21 16:17:38,126] [INFO] basehttp : "POST /api/add_event/ HTTP/1.1" 200 47
[2017-07-21 16:17:38,126] [INFO] basehttp : "POST /api/add_event/ HTTP/1.1" 200 47
[2017-07-21 16:19:45,191] [INFO] basehttp : "POST /api/add_event/ HTTP/1.1" 200 47
[2017-07-21 16:19:45,191] [INFO] basehttp : "POST /api/add_event/ HTTP/1.1" 200 47
[2017-07-21 16:19:45,257] [INFO] basehttp : "POST /api/add_event/ HTTP/1.1" 200 98
[2017-07-21 16:19:45,257] [INFO] basehttp : "POST /api/add_event/ HTTP/1.1" 200 98
[2017-07-21 16:19:45,307] [INFO] basehttp : "POST /api/add_event/ HTTP/1.1" 200 55
[2017-07-21 16:19:45,307] [INFO] basehttp : "POST /api/add_event/ HTTP/1.1" 200 55
[2017-07-21 16:19:45,332] [INFO] basehttp : "POST /api/add_event/ HTTP/1.1" 200 57
[2017-07-21 16:19:45,332] [INFO] basehttp : "POST /api/add_event/ HTTP/1.1" 200 57
[2017-07-21 16:19:45,391] [INFO] basehttp : "POST /api/add_event/ HTTP/1.1" 200 47
[2017-07-21 16:19:45,391] [INFO] basehttp : "POST /api/add_event/ HTTP/1.1" 200 47
[2017-07-21 16:21:08,116] [INFO] basehttp : "POST /api/add_event/ HTTP/1.1" 200 47
[2017-07-21 16:21:08,116] [INFO] basehttp : "POST /api/add_event/ HTTP/1.1" 200 47
[2017-07-21 16:21:08,146] [INFO] basehttp : "POST /api/add_event/ HTTP/1.1" 200 98
[2017-07-21 16:21:08,146] [INFO] basehttp : "POST /api/add_event/ HTTP/1.1" 200 98
[2017-07-21 16:21:08,204] [INFO] basehttp : "POST /api/add_event/ HTTP/1.1" 200 55
[2017-07-21 16:21:08,204] [INFO] basehttp : "POST /api/add_event/ HTTP/1.1" 200 55
[2017-07-21 16:21:08,242] [INFO] basehttp : "POST /api/add_event/ HTTP/1.1" 200 57
[2017-07-21 16:21:08,242] [INFO] basehttp : "POST /api/add_event/ HTTP/1.1" 200 57
[2017-07-21 16:21:08,338] [INFO] basehttp : "POST /api/add_event/ HTTP/1.1" 200 47
[2017-07-21 16:21:08,338] [INFO] basehttp : "POST /api/add_event/ HTTP/1.1" 200 47
[2017-07-21 16:22:52,463] [INFO] basehttp : "POST /api/add_event/ HTTP/1.1" 200 47
[2017-07-21 16:22:52,463] [INFO] basehttp : "POST /api/add_event/ HTTP/1.1" 200 47
[2017-07-21 16:22:52,530] [INFO] basehttp : "POST /api/add_event/ HTTP/1.1" 200 98
[2017-07-21 16:22:52,530] [INFO] basehttp : "POST /api/add_event/ HTTP/1.1" 200 98
[2017-07-21 16:22:52,571] [INFO] basehttp : "POST /api/add_event/ HTTP/1.1" 200 55
[2017-07-21 16:22:52,571] [INFO] basehttp : "POST /api/add_event/ HTTP/1.1" 200 55
[2017-07-21 16:22:52,609] [INFO] basehttp : "POST /api/add_event/ HTTP/1.1" 200 57
[2017-07-21 16:22:52,609] [INFO] basehttp : "POST /api/add_event/ HTTP/1.1" 200 57
[2017-07-21 16:22:52,661] [INFO] basehttp : "POST /api/add_event/ HTTP/1.1" 200 47
[2017-07-21 16:22:52,661] [INFO] basehttp : "POST /api/add_event/ HTTP/1.1" 200 47
[2017-07-21 16:25:52,461] [INFO] basehttp : "POST /api/add_event/ HTTP/1.1" 200 47
[2017-07-21 16:25:52,461] [INFO] basehttp : "POST /api/add_event/ HTTP/1.1" 200 47
[2017-07-21 16:25:52,510] [INFO] basehttp : "POST /api/add_event/ HTTP/1.1" 200 98
[2017-07-21 16:25:52,510] [INFO] basehttp : "POST /api/add_event/ HTTP/1.1" 200 98
[2017-07-21 16:25:52,544] [INFO] basehttp : "POST /api/add_event/ HTTP/1.1" 200 55
[2017-07-21 16:25:52,544] [INFO] basehttp : "POST /api/add_event/ HTTP/1.1" 200 55
[2017-07-21 16:25:52,581] [INFO] basehttp : "POST /api/add_event/ HTTP/1.1" 200 57
[2017-07-21 16:25:52,581] [INFO] basehttp : "POST /api/add_event/ HTTP/1.1" 200 57
[2017-07-21 16:25:52,638] [INFO] basehttp : "POST /api/add_event/ HTTP/1.1" 200 47
[2017-07-21 16:25:52,638] [INFO] basehttp : "POST /api/add_event/ HTTP/1.1" 200 47
[2017-07-21 16:26:36,100] [INFO] basehttp : "POST /api/add_event/ HTTP/1.1" 200 47
[2017-07-21 16:26:36,100] [INFO] basehttp : "POST /api/add_event/ HTTP/1.1" 200 47
[2017-07-21 16:26:36,140] [INFO] basehttp : "POST /api/add_event/ HTTP/1.1" 200 98
[2017-07-21 16:26:36,140] [INFO] basehttp : "POST /api/add_event/ HTTP/1.1" 200 98
[2017-07-21 16:26:36,420] [INFO] basehttp : "POST /api/add_event/ HTTP/1.1" 200 55
[2017-07-21 16:26:36,420] [INFO] basehttp : "POST /api/add_event/ HTTP/1.1" 200 55
[2017-07-21 16:26:36,493] [INFO] basehttp : "POST /api/add_event/ HTTP/1.1" 200 57
[2017-07-21 16:26:36,493] [INFO] basehttp : "POST /api/add_event/ HTTP/1.1" 200 57
[2017-07-21 16:26:36,592] [INFO] basehttp : "POST /api/add_event/ HTTP/1.1" 200 47
[2017-07-21 16:26:36,592] [INFO] basehttp : "POST /api/add_event/ HTTP/1.1" 200 47
[2017-07-21 16:26:59,088] [INFO] basehttp : "POST /api/add_event/ HTTP/1.1" 200 47
[2017-07-21 16:26:59,088] [INFO] basehttp : "POST /api/add_event/ HTTP/1.1" 200 47
[2017-07-21 16:26:59,136] [INFO] basehttp : "POST /api/add_event/ HTTP/1.1" 200 98
[2017-07-21 16:26:59,136] [INFO] basehttp : "POST /api/add_event/ HTTP/1.1" 200 98
[2017-07-21 16:26:59,166] [INFO] basehttp : "POST /api/add_event/ HTTP/1.1" 200 55
[2017-07-21 16:26:59,166] [INFO] basehttp : "POST /api/add_event/ HTTP/1.1" 200 55
[2017-07-21 16:26:59,196] [INFO] basehttp : "POST /api/add_event/ HTTP/1.1" 200 57
[2017-07-21 16:26:59,196] [INFO] basehttp : "POST /api/add_event/ HTTP/1.1" 200 57
[2017-07-21 16:26:59,262] [INFO] basehttp : "POST /api/add_event/ HTTP/1.1" 200 47
[2017-07-21 16:26:59,262] [INFO] basehttp : "POST /api/add_event/ HTTP/1.1" 200 47
[2017-07-21 16:28:33,851] [INFO] basehttp : "POST /api/add_event/ HTTP/1.1" 200 47
[2017-07-21 16:28:33,851] [INFO] basehttp : "POST /api/add_event/ HTTP/1.1" 200 47
[2017-07-21 16:28:33,914] [INFO] basehttp : "POST /api/add_event/ HTTP/1.1" 200 98
[2017-07-21 16:28:33,914] [INFO] basehttp : "POST /api/add_event/ HTTP/1.1" 200 98
[2017-07-21 16:28:33,960] [INFO] basehttp : "POST /api/add_event/ HTTP/1.1" 200 55
[2017-07-21 16:28:33,960] [INFO] basehttp : "POST /api/add_event/ HTTP/1.1" 200 55
[2017-07-21 16:28:34,039] [INFO] basehttp : "POST /api/add_event/ HTTP/1.1" 200 57
[2017-07-21 16:28:34,039] [INFO] basehttp : "POST /api/add_event/ HTTP/1.1" 200 57
[2017-07-21 16:28:34,221] [INFO] basehttp : "POST /api/add_event/ HTTP/1.1" 200 47
[2017-07-21 16:28:34,221] [INFO] basehttp : "POST /api/add_event/ HTTP/1.1" 200 47
[2017-07-21 16:36:26,631] [INFO] basehttp : "POST /api/add_event/ HTTP/1.1" 200 47
[2017-07-21 16:36:26,631] [INFO] basehttp : "POST /api/add_event/ HTTP/1.1" 200 47
[2017-07-21 16:36:26,703] [INFO] basehttp : "POST /api/add_event/ HTTP/1.1" 200 98
[2017-07-21 16:36:26,703] [INFO] basehttp : "POST /api/add_event/ HTTP/1.1" 200 98
[2017-07-21 16:36:26,738] [INFO] basehttp : "POST /api/add_event/ HTTP/1.1" 200 55
[2017-07-21 16:36:26,738] [INFO] basehttp : "POST /api/add_event/ HTTP/1.1" 200 55
[2017-07-21 16:36:26,770] [INFO] basehttp : "POST /api/add_event/ HTTP/1.1" 200 57
[2017-07-21 16:36:26,770] [INFO] basehttp : "POST /api/add_event/ HTTP/1.1" 200 57
[2017-07-21 16:36:26,860] [INFO] basehttp : "POST /api/add_event/ HTTP/1.1" 200 47
[2017-07-21 16:36:26,860] [INFO] basehttp : "POST /api/add_event/ HTTP/1.1" 200 47
[2017-07-21 16:45:13,112] [INFO] basehttp : "POST /api/add_event/ HTTP/1.1" 200 47
[2017-07-21 16:45:13,112] [INFO] basehttp : "POST /api/add_event/ HTTP/1.1" 200 47
[2017-07-21 16:45:13,149] [INFO] basehttp : "POST /api/add_event/ HTTP/1.1" 200 98
[2017-07-21 16:45:13,149] [INFO] basehttp : "POST /api/add_event/ HTTP/1.1" 200 98
[2017-07-21 16:45:13,174] [INFO] basehttp : "POST /api/add_event/ HTTP/1.1" 200 55
[2017-07-21 16:45:13,174] [INFO] basehttp : "POST /api/add_event/ HTTP/1.1" 200 55
[2017-07-21 16:45:13,210] [INFO] basehttp : "POST /api/add_event/ HTTP/1.1" 200 57
[2017-07-21 16:45:13,210] [INFO] basehttp : "POST /api/add_event/ HTTP/1.1" 200 57
[2017-07-21 16:45:13,266] [INFO] basehttp : "POST /api/add_event/ HTTP/1.1" 200 47
[2017-07-21 16:45:13,266] [INFO] basehttp : "POST /api/add_event/ HTTP/1.1" 200 47
[2017-07-21 16:47:34,696] [INFO] basehttp : "POST /api/add_event/ HTTP/1.1" 200 47
[2017-07-21 16:47:34,696] [INFO] basehttp : "POST /api/add_event/ HTTP/1.1" 200 47
[2017-07-21 16:47:34,723] [INFO] basehttp : "POST /api/add_event/ HTTP/1.1" 200 98
[2017-07-21 16:47:34,723] [INFO] basehttp : "POST /api/add_event/ HTTP/1.1" 200 98
[2017-07-21 16:47:34,758] [INFO] basehttp : "POST /api/add_event/ HTTP/1.1" 200 55
[2017-07-21 16:47:34,758] [INFO] basehttp : "POST /api/add_event/ HTTP/1.1" 200 55
[2017-07-21 16:47:34,795] [INFO] basehttp : "POST /api/add_event/ HTTP/1.1" 200 57
[2017-07-21 16:47:34,795] [INFO] basehttp : "POST /api/add_event/ HTTP/1.1" 200 57
[2017-07-21 16:47:34,873] [INFO] basehttp : "POST /api/add_event/ HTTP/1.1" 200 47
[2017-07-21 16:47:34,873] [INFO] basehttp : "POST /api/add_event/ HTTP/1.1" 200 47
[2017-07-21 16:50:04,512] [INFO] basehttp : "POST /api/add_event/ HTTP/1.1" 200 47
[2017-07-21 16:50:04,512] [INFO] basehttp : "POST /api/add_event/ HTTP/1.1" 200 47
[2017-07-21 16:50:04,553] [INFO] basehttp : "POST /api/add_event/ HTTP/1.1" 200 98
[2017-07-21 16:50:04,553] [INFO] basehttp : "POST /api/add_event/ HTTP/1.1" 200 98
[2017-07-21 16:50:04,566] [INFO] basehttp : "POST /api/add_event/ HTTP/1.1" 200 55
[2017-07-21 16:50:04,566] [INFO] basehttp : "POST /api/add_event/ HTTP/1.1" 200 55
[2017-07-21 16:50:04,592] [INFO] basehttp : "POST /api/add_event/ HTTP/1.1" 200 57
[2017-07-21 16:50:04,592] [INFO] basehttp : "POST /api/add_event/ HTTP/1.1" 200 57
[2017-07-21 16:50:04,646] [INFO] basehttp : "POST /api/add_event/ HTTP/1.1" 200 47
[2017-07-21 16:50:04,646] [INFO] basehttp : "POST /api/add_event/ HTTP/1.1" 200 47
